#
# There is insufficient memory for the Java Runtime Environment to continue.
# Native memory allocation (malloc) failed to allocate 2410096 bytes for Chunk::new
# Possible reasons:
#   The system is out of physical RAM or swap space
#   The process is running with CompressedOops enabled, and the Java Heap may be blocking the growth of the native heap
# Possible solutions:
#   Reduce memory load on the system
#   Increase physical memory or swap space
#   Check if swap backing store is full
#   Decrease Java heap size (-Xmx/-Xms)
#   Decrease number of Java threads
#   Decrease Java thread stack sizes (-Xss)
#   Set larger code cache with -XX:ReservedCodeCacheSize=
#   JVM is running with Unscaled Compressed Oops mode in which the Java heap is
#     placed in the first 4GB address space. The Java Heap base address is the
#     maximum limit for the native heap growth. Please use -XX:HeapBaseMinAddress
#     to set the Java Heap base and to place the Java Heap above 4GB virtual address.
# This output file may be truncated or incomplete.
#
#  Out of Memory Error (allocation.cpp:389), pid=38896, tid=0x0000000000008ff0
#
# JRE version: OpenJDK Runtime Environment (8.0_212-b04) (build 1.8.0_212-release-1586-b04)
# Java VM: OpenJDK 64-Bit Server VM (25.212-b04 mixed mode windows-amd64 compressed oops)
# Failed to write core dump. Minidumps are not enabled by default on client versions of Windows
#

---------------  T H R E A D  ---------------

Current thread (0x0000000018b6c800):  JavaThread "C2 CompilerThread2" daemon [_thread_in_native, id=36848, stack(0x00000000194d0000,0x00000000195d0000)]

Stack: [0x00000000194d0000,0x00000000195d0000]
[error occurred during error reporting (printing stack bounds), id 0xc0000005]

Native frames: (J=compiled Java code, j=interpreted, Vv=VM code, C=native code)


Current CompileTask:
C2:  11580 5626   !   4       java.net.URLClassLoader$1::run (63 bytes)


---------------  P R O C E S S  ---------------

Java Threads: ( => current thread )
  0x000000001d8b8800 JavaThread "Cache worker for Build Output Cleanup Cache (E:\android_gun_manager\ManagerApplication\.gradle\buildOutputCleanup)" [_thread_blocked, id=32912, stack(0x00000000228f0000,0x00000000229f0000)]
  0x000000001d8b7000 JavaThread "Build operations Thread 8" [_thread_blocked, id=40532, stack(0x0000000023450000,0x0000000023550000)]
  0x000000001d8ae000 JavaThread "Build operations Thread 7" [_thread_blocked, id=28248, stack(0x0000000023350000,0x0000000023450000)]
  0x000000001d8af000 JavaThread "Build operations Thread 6" [_thread_blocked, id=936, stack(0x0000000023250000,0x0000000023350000)]
  0x000000001d8b5000 JavaThread "Build operations Thread 5" [_thread_blocked, id=33672, stack(0x0000000023150000,0x0000000023250000)]
  0x000000001d8af800 JavaThread "Build operations Thread 4" [_thread_blocked, id=33972, stack(0x0000000023050000,0x0000000023150000)]
  0x000000001d8b3800 JavaThread "Build operations Thread 3" [_thread_blocked, id=10280, stack(0x0000000022f50000,0x0000000023050000)]
  0x000000001d8b2000 JavaThread "Build operations Thread 2" [_thread_blocked, id=29572, stack(0x0000000022cb0000,0x0000000022db0000)]
  0x000000001d8b4000 JavaThread "Build operations" [_thread_blocked, id=27060, stack(0x0000000022bb0000,0x0000000022cb0000)]
  0x000000001d8b2800 JavaThread "Cache worker for execution history cache (C:\Users\Administrator\.gradle\caches\5.6.4\executionHistory)" [_thread_blocked, id=24616, stack(0x0000000022e50000,0x0000000022f50000)]
  0x000000001d8b0800 JavaThread "Cache worker for cache directory md-rule (C:\Users\Administrator\.gradle\caches\5.6.4\md-rule)" [_thread_blocked, id=35320, stack(0x00000000225f0000,0x00000000226f0000)]
  0x000000001d8b1000 JavaThread "Cache worker for cache directory md-supplier (C:\Users\Administrator\.gradle\caches\5.6.4\md-supplier)" [_thread_blocked, id=4408, stack(0x0000000020f00000,0x0000000021000000)]
  0x000000001b362000 JavaThread "Cache worker for file hash cache (E:\android_gun_manager\ManagerApplication\.gradle\5.6.4\fileHashes)" [_thread_blocked, id=30524, stack(0x000000001e5a0000,0x000000001e6a0000)]
  0x000000001b35d800 JavaThread "Cache worker for journal cache (C:\Users\Administrator\.gradle\caches\journal-1)" [_thread_blocked, id=35160, stack(0x000000001d4d0000,0x000000001d5d0000)]
  0x000000001b35c000 JavaThread "File lock request listener" [_thread_in_native, id=39080, stack(0x000000001d3d0000,0x000000001d4d0000)]
  0x000000001b35d000 JavaThread "Cache worker for file hash cache (C:\Users\Administrator\.gradle\caches\5.6.4\fileHashes)" [_thread_blocked, id=24468, stack(0x000000001d2d0000,0x000000001d3d0000)]
  0x000000001b4b2000 JavaThread "Thread-9" [_thread_blocked, id=20252, stack(0x000000001cfd0000,0x000000001d0d0000)]
  0x000000001b4b1000 JavaThread "Stdin handler" [_thread_blocked, id=25300, stack(0x000000001ced0000,0x000000001cfd0000)]
  0x000000001b4c9000 JavaThread "Asynchronous log dispatcher for DefaultDaemonConnection: socket connection from /127.0.0.1:50247 to /127.0.0.1:50248" [_thread_blocked, id=8748, stack(0x000000001ccd0000,0x000000001cdd0000)]
  0x000000001b4ce000 JavaThread "Daemon worker" [_thread_in_vm, id=41648, stack(0x000000001cbd0000,0x000000001ccd0000)]
  0x000000001b4d4800 JavaThread "Cancel handler" [_thread_blocked, id=11376, stack(0x000000001cad0000,0x000000001cbd0000)]
  0x000000001b423800 JavaThread "Handler for socket connection from /127.0.0.1:50247 to /127.0.0.1:50248" [_thread_in_native, id=33092, stack(0x000000001c7d0000,0x000000001c8d0000)]
  0x000000001b41d000 JavaThread "Daemon" [_thread_blocked, id=35148, stack(0x000000001c6d0000,0x000000001c7d0000)]
  0x000000001b40e000 JavaThread "Daemon periodic checks" [_thread_blocked, id=21248, stack(0x000000001c5d0000,0x000000001c6d0000)]
  0x000000001b479000 JavaThread "Incoming local TCP Connector on port 50247" [_thread_in_native, id=32676, stack(0x000000001c420000,0x000000001c520000)]
  0x000000001b358800 JavaThread "Daemon health stats" [_thread_blocked, id=19968, stack(0x000000001c120000,0x000000001c220000)]
  0x0000000018bf9800 JavaThread "Service Thread" daemon [_thread_blocked, id=29236, stack(0x00000000196d0000,0x00000000197d0000)]
  0x0000000018b70800 JavaThread "C1 CompilerThread3" daemon [_thread_blocked, id=28720, stack(0x00000000195d0000,0x00000000196d0000)]
=>0x0000000018b6c800 JavaThread "C2 CompilerThread2" daemon [_thread_in_native, id=36848, stack(0x00000000194d0000,0x00000000195d0000)]
  0x0000000016d1e800 JavaThread "C2 CompilerThread1" daemon [_thread_in_native, id=19144, stack(0x00000000193d0000,0x00000000194d0000)]
  0x0000000018b65800 JavaThread "C2 CompilerThread0" daemon [_thread_in_native, id=24076, stack(0x00000000192d0000,0x00000000193d0000)]
  0x0000000018b0e000 JavaThread "Attach Listener" daemon [_thread_blocked, id=24048, stack(0x00000000191d0000,0x00000000192d0000)]
  0x0000000018b0d800 JavaThread "Signal Dispatcher" daemon [_thread_blocked, id=28880, stack(0x00000000190d0000,0x00000000191d0000)]
  0x0000000002f4e800 JavaThread "Finalizer" daemon [_thread_blocked, id=24872, stack(0x0000000018fd0000,0x00000000190d0000)]
  0x0000000016d0c800 JavaThread "Reference Handler" daemon [_thread_blocked, id=39180, stack(0x0000000018ed0000,0x0000000018fd0000)]
  0x0000000002e4e800 JavaThread "main" [_thread_blocked, id=37132, stack(0x0000000002ca0000,0x0000000002da0000)]

Other Threads:
  0x0000000016d05800 VMThread [stack: 0x00000000189d0000,0x0000000018ad0000] [id=30468]
  0x0000000018bfa000 WatcherThread [stack: 0x00000000197d0000,0x00000000198d0000] [id=17328]

VM state:not at safepoint (normal execution)

VM Mutex/Monitor currently owned by a thread: None

heap address: 0x00000000a0000000, size: 1536 MB, Compressed Oops mode: 32-bit
Narrow klass base: 0x0000000000000000, Narrow klass shift: 3
Compressed class space size: 1073741824 Address: 0x0000000100000000

Heap:
 PSYoungGen      total 188416K, used 15895K [0x00000000e0000000, 0x00000000ee800000, 0x0000000100000000)
  eden space 170496K, 9% used [0x00000000e0000000,0x00000000e0f85c08,0x00000000ea680000)
  from space 17920K, 0% used [0x00000000ed680000,0x00000000ed680000,0x00000000ee800000)
  to   space 13824K, 0% used [0x00000000ea680000,0x00000000ea680000,0x00000000eb400000)
 ParOldGen       total 146944K, used 33008K [0x00000000a0000000, 0x00000000a8f80000, 0x00000000e0000000)
  object space 146944K, 22% used [0x00000000a0000000,0x00000000a203c378,0x00000000a8f80000)
 Metaspace       used 58440K, capacity 60230K, committed 60376K, reserved 1101824K
  class space    used 7879K, capacity 8337K, committed 8448K, reserved 1048576K

Card table byte_map: [0x0000000012310000,0x0000000012620000] byte_map_base: 0x0000000011e10000

Marking Bits: (ParMarkBitMap*) 0x0000000068e19f30
 Begin Bits: [0x0000000013020000, 0x0000000014820000)
 End Bits:   [0x0000000014820000, 0x0000000016020000)

Polling page: 0x0000000000ee0000

CodeCache: size=245760Kb used=18193Kb max_used=18193Kb free=227566Kb
 bounds [0x0000000002f50000, 0x0000000004130000, 0x0000000011f50000]
 total_blobs=6230 nmethods=5426 adapters=716
 compilation: enabled

Compilation events (10 events):
Event: 11.566 Thread 0x0000000018b70800 nmethod 5885 0x000000000411b2d0 code [0x000000000411b520, 0x000000000411c378]
Event: 11.566 Thread 0x0000000018b70800 5886       3       sun.reflect.ByteVectorImpl::put (27 bytes)
Event: 11.566 Thread 0x0000000018b70800 nmethod 5886 0x0000000004116e10 code [0x0000000004116f80, 0x00000000041171a8]
Event: 11.569 Thread 0x0000000016d1e800 5887       4       java.lang.Class$MethodArray::<init> (38 bytes)
Event: 11.570 Thread 0x0000000016d1e800 nmethod 5887 0x000000000411af50 code [0x000000000411b0a0, 0x000000000411b1f8]
Event: 11.570 Thread 0x0000000018b65800 5888       4       java.lang.Class::privateGetMethodRecursive (130 bytes)
Event: 11.570 Thread 0x0000000016d1e800 5889       4       java.lang.Class::getMethod0 (40 bytes)
Event: 11.574 Thread 0x0000000018b70800 5890       3       org.codehaus.groovy.reflection.CachedClass$3::initValue (235 bytes)
Event: 11.578 Thread 0x0000000018b70800 nmethod 5890 0x000000000411ff50 code [0x0000000004120340, 0x0000000004122ab8]
Event: 11.578 Thread 0x0000000018b70800 5891       3       org.codehaus.groovy.reflection.CachedClass::getNewMetaMethods (166 bytes)

GC Heap History (10 events):
Event: 6.432 GC heap before
{Heap before GC invocations=9 (full 2):
 PSYoungGen      total 118784K, used 9580K [0x00000000e0000000, 0x00000000ec180000, 0x0000000100000000)
  eden space 106496K, 0% used [0x00000000e0000000,0x00000000e0000000,0x00000000e6800000)
  from space 12288K, 77% used [0x00000000e6800000,0x00000000e715b3b0,0x00000000e7400000)
  to   space 12288K, 0% used [0x00000000eb580000,0x00000000eb580000,0x00000000ec180000)
 ParOldGen       total 96256K, used 8049K [0x00000000a0000000, 0x00000000a5e00000, 0x00000000e0000000)
  object space 96256K, 8% used [0x00000000a0000000,0x00000000a07dc440,0x00000000a5e00000)
 Metaspace       used 34539K, capacity 35378K, committed 35456K, reserved 1079296K
  class space    used 4730K, capacity 4960K, committed 4992K, reserved 1048576K
Event: 6.495 GC heap after
Heap after GC invocations=9 (full 2):
 PSYoungGen      total 118784K, used 0K [0x00000000e0000000, 0x00000000ec180000, 0x0000000100000000)
  eden space 106496K, 0% used [0x00000000e0000000,0x00000000e0000000,0x00000000e6800000)
  from space 12288K, 0% used [0x00000000e6800000,0x00000000e6800000,0x00000000e7400000)
  to   space 12288K, 0% used [0x00000000eb580000,0x00000000eb580000,0x00000000ec180000)
 ParOldGen       total 146944K, used 16512K [0x00000000a0000000, 0x00000000a8f80000, 0x00000000e0000000)
  object space 146944K, 11% used [0x00000000a0000000,0x00000000a1020030,0x00000000a8f80000)
 Metaspace       used 34539K, capacity 35378K, committed 35456K, reserved 1079296K
  class space    used 4730K, capacity 4960K, committed 4992K, reserved 1048576K
}
Event: 8.242 GC heap before
{Heap before GC invocations=10 (full 2):
 PSYoungGen      total 118784K, used 106496K [0x00000000e0000000, 0x00000000ec180000, 0x0000000100000000)
  eden space 106496K, 100% used [0x00000000e0000000,0x00000000e6800000,0x00000000e6800000)
  from space 12288K, 0% used [0x00000000e6800000,0x00000000e6800000,0x00000000e7400000)
  to   space 12288K, 0% used [0x00000000eb580000,0x00000000eb580000,0x00000000ec180000)
 ParOldGen       total 146944K, used 16512K [0x00000000a0000000, 0x00000000a8f80000, 0x00000000e0000000)
  object space 146944K, 11% used [0x00000000a0000000,0x00000000a1020030,0x00000000a8f80000)
 Metaspace       used 43914K, capacity 45230K, committed 45568K, reserved 1089536K
  class space    used 5918K, capacity 6279K, committed 6400K, reserved 1048576K
Event: 8.257 GC heap after
Heap after GC invocations=10 (full 2):
 PSYoungGen      total 171008K, used 12261K [0x00000000e0000000, 0x00000000ec180000, 0x0000000100000000)
  eden space 158720K, 0% used [0x00000000e0000000,0x00000000e0000000,0x00000000e9b00000)
  from space 12288K, 99% used [0x00000000eb580000,0x00000000ec1797e0,0x00000000ec180000)
  to   space 13824K, 0% used [0x00000000ea680000,0x00000000ea680000,0x00000000eb400000)
 ParOldGen       total 146944K, used 18160K [0x00000000a0000000, 0x00000000a8f80000, 0x00000000e0000000)
  object space 146944K, 12% used [0x00000000a0000000,0x00000000a11bc200,0x00000000a8f80000)
 Metaspace       used 43914K, capacity 45230K, committed 45568K, reserved 1089536K
  class space    used 5918K, capacity 6279K, committed 6400K, reserved 1048576K
}
Event: 10.456 GC heap before
{Heap before GC invocations=11 (full 2):
 PSYoungGen      total 171008K, used 170981K [0x00000000e0000000, 0x00000000ec180000, 0x0000000100000000)
  eden space 158720K, 100% used [0x00000000e0000000,0x00000000e9b00000,0x00000000e9b00000)
  from space 12288K, 99% used [0x00000000eb580000,0x00000000ec1797e0,0x00000000ec180000)
  to   space 13824K, 0% used [0x00000000ea680000,0x00000000ea680000,0x00000000eb400000)
 ParOldGen       total 146944K, used 18160K [0x00000000a0000000, 0x00000000a8f80000, 0x00000000e0000000)
  object space 146944K, 12% used [0x00000000a0000000,0x00000000a11bc200,0x00000000a8f80000)
 Metaspace       used 53675K, capacity 55298K, committed 55552K, reserved 1097728K
  class space    used 7167K, capacity 7593K, committed 7680K, reserved 1048576K
Event: 10.472 GC heap after
Heap after GC invocations=11 (full 2):
 PSYoungGen      total 184320K, used 13813K [0x00000000e0000000, 0x00000000ee800000, 0x0000000100000000)
  eden space 170496K, 0% used [0x00000000e0000000,0x00000000e0000000,0x00000000ea680000)
  from space 13824K, 99% used [0x00000000ea680000,0x00000000eb3fd790,0x00000000eb400000)
  to   space 17920K, 0% used [0x00000000ed680000,0x00000000ed680000,0x00000000ee800000)
 ParOldGen       total 146944K, used 25048K [0x00000000a0000000, 0x00000000a8f80000, 0x00000000e0000000)
  object space 146944K, 17% used [0x00000000a0000000,0x00000000a1876198,0x00000000a8f80000)
 Metaspace       used 53675K, capacity 55298K, committed 55552K, reserved 1097728K
  class space    used 7167K, capacity 7593K, committed 7680K, reserved 1048576K
}
Event: 11.007 GC heap before
{Heap before GC invocations=12 (full 2):
 PSYoungGen      total 184320K, used 64270K [0x00000000e0000000, 0x00000000ee800000, 0x0000000100000000)
  eden space 170496K, 29% used [0x00000000e0000000,0x00000000e31462d0,0x00000000ea680000)
  from space 13824K, 99% used [0x00000000ea680000,0x00000000eb3fd790,0x00000000eb400000)
  to   space 17920K, 0% used [0x00000000ed680000,0x00000000ed680000,0x00000000ee800000)
 ParOldGen       total 146944K, used 25048K [0x00000000a0000000, 0x00000000a8f80000, 0x00000000e0000000)
  object space 146944K, 17% used [0x00000000a0000000,0x00000000a1876198,0x00000000a8f80000)
 Metaspace       used 57265K, capacity 58986K, committed 59096K, reserved 1099776K
  class space    used 7679K, capacity 8145K, committed 8192K, reserved 1048576K
Event: 11.022 GC heap after
Heap after GC invocations=12 (full 2):
 PSYoungGen      total 188416K, used 11470K [0x00000000e0000000, 0x00000000ee800000, 0x0000000100000000)
  eden space 170496K, 0% used [0x00000000e0000000,0x00000000e0000000,0x00000000ea680000)
  from space 17920K, 64% used [0x00000000ed680000,0x00000000ee1b3af0,0x00000000ee800000)
  to   space 13824K, 0% used [0x00000000ea680000,0x00000000ea680000,0x00000000eb400000)
 ParOldGen       total 146944K, used 32955K [0x00000000a0000000, 0x00000000a8f80000, 0x00000000e0000000)
  object space 146944K, 22% used [0x00000000a0000000,0x00000000a202ec70,0x00000000a8f80000)
 Metaspace       used 57265K, capacity 58986K, committed 59096K, reserved 1099776K
  class space    used 7679K, capacity 8145K, committed 8192K, reserved 1048576K
}
Event: 11.022 GC heap before
{Heap before GC invocations=13 (full 3):
 PSYoungGen      total 188416K, used 11470K [0x00000000e0000000, 0x00000000ee800000, 0x0000000100000000)
  eden space 170496K, 0% used [0x00000000e0000000,0x00000000e0000000,0x00000000ea680000)
  from space 17920K, 64% used [0x00000000ed680000,0x00000000ee1b3af0,0x00000000ee800000)
  to   space 13824K, 0% used [0x00000000ea680000,0x00000000ea680000,0x00000000eb400000)
 ParOldGen       total 146944K, used 32955K [0x00000000a0000000, 0x00000000a8f80000, 0x00000000e0000000)
  object space 146944K, 22% used [0x00000000a0000000,0x00000000a202ec70,0x00000000a8f80000)
 Metaspace       used 57265K, capacity 58986K, committed 59096K, reserved 1099776K
  class space    used 7679K, capacity 8145K, committed 8192K, reserved 1048576K
Event: 11.270 GC heap after
Heap after GC invocations=13 (full 3):
 PSYoungGen      total 188416K, used 0K [0x00000000e0000000, 0x00000000ee800000, 0x0000000100000000)
  eden space 170496K, 0% used [0x00000000e0000000,0x00000000e0000000,0x00000000ea680000)
  from space 17920K, 0% used [0x00000000ed680000,0x00000000ed680000,0x00000000ee800000)
  to   space 13824K, 0% used [0x00000000ea680000,0x00000000ea680000,0x00000000eb400000)
 ParOldGen       total 146944K, used 33008K [0x00000000a0000000, 0x00000000a8f80000, 0x00000000e0000000)
  object space 146944K, 22% used [0x00000000a0000000,0x00000000a203c378,0x00000000a8f80000)
 Metaspace       used 57245K, capacity 58920K, committed 59096K, reserved 1099776K
  class space    used 7673K, capacity 8134K, committed 8192K, reserved 1048576K
}

Deoptimization events (10 events):
Event: 9.920 Thread 0x000000001b4ce000 Uncommon trap: reason=unstable_if action=reinterpret pc=0x00000000035869e8 method=java.util.regex.Pattern$BmpCharProperty.match(Ljava/util/regex/Matcher;ILjava/lang/CharSequence;)Z @ 34
Event: 9.936 Thread 0x000000001b4ce000 Uncommon trap: reason=unstable_if action=reinterpret pc=0x0000000003eb75f0 method=com.sun.org.apache.xerces.internal.impl.XMLEntityScanner.skipSpaces()Z @ 303
Event: 9.940 Thread 0x000000001b4ce000 Uncommon trap: reason=unstable_if action=reinterpret pc=0x0000000003ea5270 method=com.sun.org.apache.xerces.internal.impl.XMLEntityScanner.peekChar()I @ 14
Event: 10.766 Thread 0x000000001b4ce000 Uncommon trap: reason=unstable_if action=reinterpret pc=0x00000000037aec24 method=java.lang.String.lastIndexOf([CII[CIII)I @ 17
Event: 11.364 Thread 0x000000001b4ce000 Uncommon trap: reason=unstable_if action=reinterpret pc=0x00000000034e07e0 method=java.io.WinNTFileSystem.isLetter(C)Z @ 3
Event: 11.367 Thread 0x000000001b4ce000 Uncommon trap: reason=unstable_if action=reinterpret pc=0x0000000003ee5714 method=java.util.regex.Pattern$LastNode.match(Ljava/util/regex/Matcher;ILjava/lang/CharSequence;)Z @ 13
Event: 11.367 Thread 0x000000001b4ce000 Uncommon trap: reason=unstable_if action=reinterpret pc=0x0000000003ef5568 method=java.util.regex.Pattern$GroupTail.match(Ljava/util/regex/Matcher;ILjava/lang/CharSequence;)Z @ 73
Event: 11.367 Thread 0x000000001b4ce000 Uncommon trap: reason=unstable_if action=reinterpret pc=0x0000000003ee2d30 method=java.util.regex.Pattern$LastNode.match(Ljava/util/regex/Matcher;ILjava/lang/CharSequence;)Z @ 13
Event: 11.367 Thread 0x000000001b4ce000 Uncommon trap: reason=unstable_if action=reinterpret pc=0x0000000003ee61e0 method=java.util.regex.Pattern$LastNode.match(Ljava/util/regex/Matcher;ILjava/lang/CharSequence;)Z @ 13
Event: 11.367 Thread 0x000000001b4ce000 Uncommon trap: reason=unstable_if action=reinterpret pc=0x0000000003ef5568 method=java.util.regex.Pattern$GroupTail.match(Ljava/util/regex/Matcher;ILjava/lang/CharSequence;)Z @ 73

Classes redefined (0 events):
No events

Internal exceptions (10 events):
Event: 10.537 Thread 0x000000001b4ce000 Exception <a 'java/lang/ClassNotFoundException': org/gradle/api/plugins/internal/DefaultBasePluginConventionCustomizer> (0x00000000e0755d80) thrown at [D:\src\AOSP-openjdk-cygwin\jdk8u\hotspot\src\share\vm\classfile\systemDictionary.cpp, line 210]
Event: 10.549 Thread 0x000000001b4ce000 Exception <a 'java/lang/NoSuchMethodError': java.lang.Object.lambda$comparingInt$7b0bb60$1(Ljava/util/function/ToIntFunction;Ljava/lang/Object;Ljava/lang/Object;)I> (0x00000000e07d51d8) thrown at [D:\src\AOSP-openjdk-cygwin\jdk8u\hotspot\src\share\vm\inte
Event: 11.553 Thread 0x000000001b4ce000 Exception <a 'java/lang/ClassNotFoundException': com/android/build/gradle/internal/api/ApkVariantOutputImpl_DecoratedBeanInfo> (0x00000000e0b6ab80) thrown at [D:\src\AOSP-openjdk-cygwin\jdk8u\hotspot\src\share\vm\classfile\systemDictionary.cpp, line 210]
Event: 11.554 Thread 0x000000001b4ce000 Exception <a 'java/lang/ClassNotFoundException': com/android/build/gradle/internal/api/ApkVariantOutputImplBeanInfo> (0x00000000e0b8b1e8) thrown at [D:\src\AOSP-openjdk-cygwin\jdk8u\hotspot\src\share\vm\classfile\systemDictionary.cpp, line 210]
Event: 11.555 Thread 0x000000001b4ce000 Exception <a 'java/lang/ClassNotFoundException': com/android/build/gradle/internal/api/BaseVariantOutputImplBeanInfo> (0x00000000e0bacef8) thrown at [D:\src\AOSP-openjdk-cygwin\jdk8u\hotspot\src\share\vm\classfile\systemDictionary.cpp, line 210]
Event: 11.557 Thread 0x000000001b4ce000 Exception <a 'java/lang/ClassNotFoundException': com/android/build/gradle/internal/api/BaseVariantOutputImplCustomizer> (0x00000000e0bcf250) thrown at [D:\src\AOSP-openjdk-cygwin\jdk8u\hotspot\src\share\vm\classfile\systemDictionary.cpp, line 210]
Event: 11.559 Thread 0x000000001b4ce000 Exception <a 'java/lang/ClassNotFoundException': com/android/build/gradle/internal/api/ApkVariantOutputImplCustomizer> (0x00000000e0c0b108) thrown at [D:\src\AOSP-openjdk-cygwin\jdk8u\hotspot\src\share\vm\classfile\systemDictionary.cpp, line 210]
Event: 11.560 Thread 0x000000001b4ce000 Exception <a 'java/lang/ClassNotFoundException': com/android/build/gradle/internal/api/ApkVariantOutputImpl_DecoratedCustomizer> (0x00000000e0c42bf0) thrown at [D:\src\AOSP-openjdk-cygwin\jdk8u\hotspot\src\share\vm\classfile\systemDictionary.cpp, line 210
Event: 11.567 Thread 0x000000001b4ce000 Exception <a 'java/lang/ClassNotFoundException': groovy/lang/ReferenceBeanInfo> (0x00000000e0d484a0) thrown at [D:\src\AOSP-openjdk-cygwin\jdk8u\hotspot\src\share\vm\classfile\systemDictionary.cpp, line 210]
Event: 11.567 Thread 0x000000001b4ce000 Exception <a 'java/lang/ClassNotFoundException': groovy/lang/ReferenceCustomizer> (0x00000000e0d5aa70) thrown at [D:\src\AOSP-openjdk-cygwin\jdk8u\hotspot\src\share\vm\classfile\systemDictionary.cpp, line 210]

Events (10 events):
Event: 11.567 loading class groovy/lang/ReferenceCustomizer
Event: 11.567 loading class groovy/lang/ReferenceCustomizer done
Event: 11.568 loading class groovy/runtime/metaclass/com/android/build/gradle/internal/api/ApplicationVariantImpl_DecoratedMetaClass
Event: 11.568 loading class groovy/runtime/metaclass/com/android/build/gradle/internal/api/ApplicationVariantImpl_DecoratedMetaClass done
Event: 11.575 Executing VM operation: ForceSafepoint
Event: 11.575 Executing VM operation: ForceSafepoint done
Event: 11.578 loading class com/android/build/gradle/internal/api/ApplicationVariantImpl_DecoratedBeanInfo
Event: 11.578 loading class com/android/build/gradle/internal/api/ApplicationVariantImpl_DecoratedBeanInfo done
Event: 11.578 loading class com/android/build/gradle/internal/api/ApplicationVariantImpl_DecoratedBeanInfo
Event: 11.578 loading class com/android/build/gradle/internal/api/ApplicationVariantImpl_DecoratedBeanInfo done


Dynamic libraries:
0x00007ff6efdb0000 - 0x00007ff6efde1000 	C:\Program Files\Android\Android Studio\jre\bin\java.exe
0x00007ff91ade0000 - 0x00007ff91afd0000 	C:\WINDOWS\SYSTEM32\ntdll.dll
0x00007ff918e90000 - 0x00007ff918f42000 	C:\WINDOWS\System32\KERNEL32.DLL
0x00007ff917d90000 - 0x00007ff918034000 	C:\WINDOWS\System32\KERNELBASE.dll
0x00007ff9198a0000 - 0x00007ff919943000 	C:\WINDOWS\System32\ADVAPI32.DLL
0x00007ff919600000 - 0x00007ff91969e000 	C:\WINDOWS\System32\msvcrt.dll
0x00007ff91ad00000 - 0x00007ff91ad97000 	C:\WINDOWS\System32\sechost.dll
0x00007ff919950000 - 0x00007ff919a70000 	C:\WINDOWS\System32\RPCRT4.dll
0x00007ff919440000 - 0x00007ff9195d5000 	C:\WINDOWS\System32\USER32.dll
0x00007ff9180e0000 - 0x00007ff918101000 	C:\WINDOWS\System32\win32u.dll
0x00007ff91a220000 - 0x00007ff91a246000 	C:\WINDOWS\System32\GDI32.dll
0x00007ff918cf0000 - 0x00007ff918e86000 	C:\WINDOWS\System32\gdi32full.dll
0x00007ff9189b0000 - 0x00007ff918a4e000 	C:\WINDOWS\System32\msvcp_win.dll
0x00007ff918a50000 - 0x00007ff918b4a000 	C:\WINDOWS\System32\ucrtbase.dll
0x00007ff904fb0000 - 0x00007ff905234000 	C:\WINDOWS\WinSxS\amd64_microsoft.windows.common-controls_6595b64144ccf1df_6.0.18362.1016_none_9e7a36bbe461dae4\COMCTL32.dll
0x00007ff91a8f0000 - 0x00007ff91ac25000 	C:\WINDOWS\System32\combase.dll
0x00007ff918040000 - 0x00007ff9180c0000 	C:\WINDOWS\System32\bcryptPrimitives.dll
0x00007ff919a80000 - 0x00007ff919aae000 	C:\WINDOWS\System32\IMM32.DLL
0x0000000066b40000 - 0x0000000066c12000 	C:\Program Files\Android\Android Studio\jre\jre\bin\msvcr100.dll
0x0000000068650000 - 0x0000000068e96000 	C:\Program Files\Android\Android Studio\jre\jre\bin\server\jvm.dll
0x00007ff919a70000 - 0x00007ff919a78000 	C:\WINDOWS\System32\PSAPI.DLL
0x00007ff90fbc0000 - 0x00007ff90fbe4000 	C:\WINDOWS\SYSTEM32\WINMM.dll
0x00007ff8fb6d0000 - 0x00007ff8fb6d9000 	C:\WINDOWS\SYSTEM32\WSOCK32.dll
0x00007ff919ab0000 - 0x00007ff919b1f000 	C:\WINDOWS\System32\WS2_32.dll
0x00007ff90d4b0000 - 0x00007ff90d4ba000 	C:\WINDOWS\SYSTEM32\VERSION.dll
0x00007ff90fb10000 - 0x00007ff90fb3d000 	C:\WINDOWS\SYSTEM32\WINMMBASE.dll
0x00007ff918ca0000 - 0x00007ff918cea000 	C:\WINDOWS\System32\cfgmgr32.dll
0x00007ff900f20000 - 0x00007ff900f2f000 	C:\Program Files\Android\Android Studio\jre\jre\bin\verify.dll
0x00007ff8f61b0000 - 0x00007ff8f61d9000 	C:\Program Files\Android\Android Studio\jre\jre\bin\java.dll
0x00007ff8f8f80000 - 0x00007ff8f8f96000 	C:\Program Files\Android\Android Studio\jre\jre\bin\zip.dll
0x00007ff919b20000 - 0x00007ff91a207000 	C:\WINDOWS\System32\SHELL32.dll
0x00007ff9196a0000 - 0x00007ff919749000 	C:\WINDOWS\System32\shcore.dll
0x00007ff918110000 - 0x00007ff918892000 	C:\WINDOWS\System32\windows.storage.dll
0x00007ff917d10000 - 0x00007ff917d33000 	C:\WINDOWS\System32\profapi.dll
0x00007ff917ca0000 - 0x00007ff917cea000 	C:\WINDOWS\System32\powrprof.dll
0x00007ff917c90000 - 0x00007ff917ca0000 	C:\WINDOWS\System32\UMPDC.dll
0x00007ff91a6c0000 - 0x00007ff91a712000 	C:\WINDOWS\System32\shlwapi.dll
0x00007ff917d40000 - 0x00007ff917d51000 	C:\WINDOWS\System32\kernel.appcore.dll
0x00007ff9180c0000 - 0x00007ff9180d7000 	C:\WINDOWS\System32\cryptsp.dll
0x00007ff8f4660000 - 0x00007ff8f467a000 	C:\Program Files\Android\Android Studio\jre\jre\bin\net.dll
0x00007ff902090000 - 0x00007ff902266000 	C:\WINDOWS\SYSTEM32\urlmon.dll
0x00007ff902710000 - 0x00007ff9029b6000 	C:\WINDOWS\SYSTEM32\iertutil.dll
0x00007ff9176c0000 - 0x00007ff9176cc000 	C:\WINDOWS\SYSTEM32\CRYPTBASE.DLL
0x00007ff9019b0000 - 0x00007ff9019d0000 	C:\WINDOWS\system32\PrxerDrv.dll
0x00007ff9174f0000 - 0x00007ff917557000 	C:\WINDOWS\system32\mswsock.dll
0x00007ff8f1a50000 - 0x00007ff8f1a63000 	C:\Program Files\Android\Android Studio\jre\jre\bin\nio.dll
0x00007ff8fbe20000 - 0x00007ff8fbe46000 	C:\Users\Administrator\.gradle\native\30\windows-amd64\native-platform.dll
0x00007ff8fbad0000 - 0x00007ff8fbadd000 	C:\Program Files\Android\Android Studio\jre\jre\bin\management.dll
0x00007ff917060000 - 0x00007ff917093000 	C:\WINDOWS\system32\rsaenh.dll
0x00007ff917d60000 - 0x00007ff917d86000 	C:\WINDOWS\System32\bcrypt.dll
0x00007ff917bb0000 - 0x00007ff917bd5000 	C:\WINDOWS\SYSTEM32\USERENV.dll
0x00007ff917200000 - 0x00007ff91723a000 	C:\WINDOWS\SYSTEM32\IPHLPAPI.DLL
0x00007ff91a210000 - 0x00007ff91a218000 	C:\WINDOWS\System32\NSI.dll
0x00007ff90c850000 - 0x00007ff90c866000 	C:\WINDOWS\SYSTEM32\dhcpcsvc6.DLL
0x00007ff90bb60000 - 0x00007ff90bb7c000 	C:\WINDOWS\SYSTEM32\dhcpcsvc.DLL
0x00007ff917240000 - 0x00007ff91730b000 	C:\WINDOWS\SYSTEM32\DNSAPI.dll
0x00007ff8f9480000 - 0x00007ff8f949b000 	C:\WINDOWS\System32\PrxerNsp.dll

VM Arguments:
jvm_args: -Xmx1536m -Dfile.encoding=GBK -Duser.country=CN -Duser.language=zh -Duser.variant 
java_command: org.gradle.launcher.daemon.bootstrap.GradleDaemon 5.6.4
java_class_path (initial): C:\Users\Administrator\.gradle\wrapper\dists\gradle-5.6.4-all\ankdp27end7byghfw1q2sw75f\gradle-5.6.4\lib\gradle-launcher-5.6.4.jar
Launcher Type: SUN_STANDARD

Environment Variables:
JAVA_HOME=C:\Program Files\Java\jdk1.8.0_212
CLASSPATH=.;C:\Program Files\Java\jdk1.8.0_212\lib\dt.jar;C:\Program Files\Java\jdk1.8.0_212\lib\tools.jar;
PATH=C:\Program Files (x86)\Common Files\Oracle\Java\javapath;C:\WINDOWS\system32;C:\WINDOWS;C:\WINDOWS\System32\Wbem;C:\WINDOWS\System32\WindowsPowerShell\v1.0\;C:\Program Files\Microsoft SQL Server\130\Tools\Binn\;%USERPROFILE%\.dnx\bin;C:\Program Files\Microsoft DNX\Dnvm\;C:\Program Files (x86)\Windows Kits\8.1\Windows Performance Toolkit\;C:\WINDOWS\System32\OpenSSH\;D:\Android\Sdk\platform-tools;E:\flutter\bin;C:\Program Files\Git\cmd;"C:\Program Files\Java\jdk1.8.0_212\bin;C:\Program Files\Java\jdk1.8.0_212\jre\bin;";F:\java_develop\apache-maven-3.6.3\bin;C:\Program Files\MySQL\MySQL Server 5.7\bin;C:\Users\Administrator\AppData\Local\Microsoft\WindowsApps;C:\Program Files\JetBrains\IntelliJ IDEA 2020.2\bin
USERNAME=Administrator
OS=Windows_NT
PROCESSOR_IDENTIFIER=Intel64 Family 6 Model 142 Stepping 12, GenuineIntel



---------------  S Y S T E M  ---------------

OS: Windows 10.0 , 64 bit Build 18362 (10.0.18362.959)

CPU:total 8 (initial active 8) (4 cores per cpu, 2 threads per core) family 6 model 142 stepping 12, cmov, cx8, fxsr, mmx, sse, sse2, sse3, ssse3, sse4.1, sse4.2, popcnt, avx, avx2, aes, clmul, erms, 3dnowpref, lzcnt, ht, tsc, tscinvbit, bmi1, bmi2, adx

Memory: 4k page, physical 16587220k(1230992k free), swap 29619768k(6392k free)

vm_info: OpenJDK 64-Bit Server VM (25.212-b04) for windows-amd64 JRE (1.8.0_212-release-1586-b04), built by "builder" with MS VC++ 10.0 (VS2010)

time: Fri Sep 18 18:22:47 2020
timezone: 中国标准时间
elapsed time: 11 seconds (0d 0h 0m 11s)

