#
# There is insufficient memory for the Java Runtime Environment to continue.
# Native memory allocation (malloc) failed to allocate 2157136 bytes for Chunk::new
# Possible reasons:
#   The system is out of physical RAM or swap space
#   The process is running with CompressedOops enabled, and the Java Heap may be blocking the growth of the native heap
# Possible solutions:
#   Reduce memory load on the system
#   Increase physical memory or swap space
#   Check if swap backing store is full
#   Decrease Java heap size (-Xmx/-Xms)
#   Decrease number of Java threads
#   Decrease Java thread stack sizes (-Xss)
#   Set larger code cache with -XX:ReservedCodeCacheSize=
#   JVM is running with Unscaled Compressed Oops mode in which the Java heap is
#     placed in the first 4GB address space. The Java Heap base address is the
#     maximum limit for the native heap growth. Please use -XX:HeapBaseMinAddress
#     to set the Java Heap base and to place the Java Heap above 4GB virtual address.
# This output file may be truncated or incomplete.
#
#  Out of Memory Error (allocation.cpp:389), pid=21328, tid=0x0000000000008754
#
# JRE version: OpenJDK Runtime Environment (8.0_212-b04) (build 1.8.0_212-release-1586-b04)
# Java VM: OpenJDK 64-Bit Server VM (25.212-b04 mixed mode windows-amd64 compressed oops)
# Failed to write core dump. Minidumps are not enabled by default on client versions of Windows
#

---------------  T H R E A D  ---------------

Current thread (0x00000000190d1000):  JavaThread "C2 CompilerThread0" daemon [_thread_in_native, id=34644, stack(0x00000000198b0000,0x00000000199b0000)]

Stack: [0x00000000198b0000,0x00000000199b0000]
[error occurred during error reporting (printing stack bounds), id 0xc0000005]

Native frames: (J=compiled Java code, j=interpreted, Vv=VM code, C=native code)


Current CompileTask:
C2:   9927 4641       4       com.sun.beans.TypeResolver::resolve (37 bytes)


---------------  P R O C E S S  ---------------

Java Threads: ( => current thread )
  0x0000000020c2c800 JavaThread "Cache worker for Build Output Cleanup Cache (E:\android_gun_manager\ManagerApplication\.gradle\buildOutputCleanup)" [_thread_blocked, id=27068, stack(0x0000000023ae0000,0x0000000023be0000)]
  0x0000000020c2b000 JavaThread "Build operations Thread 8" [_thread_blocked, id=27572, stack(0x00000000237e0000,0x00000000238e0000)]
  0x0000000020c23800 JavaThread "Build operations Thread 7" [_thread_blocked, id=5152, stack(0x00000000236e0000,0x00000000237e0000)]
  0x0000000020c25000 JavaThread "Build operations Thread 6" [_thread_blocked, id=27324, stack(0x00000000235e0000,0x00000000236e0000)]
  0x0000000020c2a800 JavaThread "Build operations Thread 5" [_thread_blocked, id=37048, stack(0x00000000234e0000,0x00000000235e0000)]
  0x0000000020c29800 JavaThread "Build operations Thread 4" [_thread_blocked, id=27784, stack(0x00000000233e0000,0x00000000234e0000)]
  0x0000000020c23000 JavaThread "Build operations Thread 3" [_thread_blocked, id=36188, stack(0x00000000232e0000,0x00000000233e0000)]
  0x0000000020c24800 JavaThread "Build operations Thread 2" [_thread_blocked, id=34020, stack(0x0000000022da0000,0x0000000022ea0000)]
  0x0000000020c27800 JavaThread "Build operations" [_thread_blocked, id=29652, stack(0x0000000022b50000,0x0000000022c50000)]
  0x0000000020c22000 JavaThread "Cache worker for execution history cache (C:\Users\Administrator\.gradle\caches\5.6.4\executionHistory)" [_thread_blocked, id=26040, stack(0x0000000022ca0000,0x0000000022da0000)]
  0x0000000020c28000 JavaThread "Cache worker for cache directory md-rule (C:\Users\Administrator\.gradle\caches\5.6.4\md-rule)" [_thread_blocked, id=37324, stack(0x0000000021840000,0x0000000021940000)]
  0x000000001bf60800 JavaThread "Cache worker for cache directory md-supplier (C:\Users\Administrator\.gradle\caches\5.6.4\md-supplier)" [_thread_blocked, id=16664, stack(0x00000000200d0000,0x00000000201d0000)]
  0x000000001bf62000 JavaThread "Cache worker for file hash cache (E:\android_gun_manager\ManagerApplication\.gradle\5.6.4\fileHashes)" [_thread_blocked, id=2112, stack(0x000000001fdd0000,0x000000001fed0000)]
  0x000000001bf61000 JavaThread "Cache worker for journal cache (C:\Users\Administrator\.gradle\caches\journal-1)" [_thread_blocked, id=36092, stack(0x000000001db30000,0x000000001dc30000)]
  0x000000001bf66000 JavaThread "File lock request listener" [_thread_in_native, id=34692, stack(0x000000001da30000,0x000000001db30000)]
  0x000000001bf5f800 JavaThread "Cache worker for file hash cache (C:\Users\Administrator\.gradle\caches\5.6.4\fileHashes)" [_thread_blocked, id=38008, stack(0x000000001d930000,0x000000001da30000)]
  0x000000001bc4e000 JavaThread "Thread-9" [_thread_blocked, id=5300, stack(0x000000001d630000,0x000000001d730000)]
  0x000000001bc8c000 JavaThread "Stdin handler" [_thread_blocked, id=40972, stack(0x000000001d530000,0x000000001d630000)]
  0x000000001bd1b800 JavaThread "Asynchronous log dispatcher for DefaultDaemonConnection: socket connection from /127.0.0.1:50171 to /127.0.0.1:50172" [_thread_blocked, id=12160, stack(0x000000001d330000,0x000000001d430000)]
  0x000000001bd1a800 JavaThread "Daemon worker" [_thread_in_vm, id=23108, stack(0x000000001d230000,0x000000001d330000)]
  0x000000001bd1a000 JavaThread "Cancel handler" [_thread_blocked, id=2176, stack(0x000000001d130000,0x000000001d230000)]
  0x000000001bc3a000 JavaThread "Handler for socket connection from /127.0.0.1:50171 to /127.0.0.1:50172" [_thread_in_native, id=39128, stack(0x000000001ce30000,0x000000001cf30000)]
  0x000000001bc38000 JavaThread "Daemon" [_thread_blocked, id=19908, stack(0x000000001cd30000,0x000000001ce30000)]
  0x000000001bbc7800 JavaThread "Daemon periodic checks" [_thread_blocked, id=32668, stack(0x000000001cc30000,0x000000001cd30000)]
  0x000000001bbd5800 JavaThread "Incoming local TCP Connector on port 50171" [_thread_in_native, id=35564, stack(0x000000001ca80000,0x000000001cb80000)]
  0x000000001bb49000 JavaThread "Daemon health stats" [_thread_blocked, id=29232, stack(0x000000001b6d0000,0x000000001b7d0000)]
  0x0000000019165800 JavaThread "Service Thread" daemon [_thread_blocked, id=9524, stack(0x0000000019cb0000,0x0000000019db0000)]
  0x00000000190e0000 JavaThread "C1 CompilerThread3" daemon [_thread_blocked, id=15260, stack(0x0000000019bb0000,0x0000000019cb0000)]
  0x00000000190d9000 JavaThread "C2 CompilerThread2" daemon [_thread_in_native, id=26208, stack(0x0000000019ab0000,0x0000000019bb0000)]
  0x00000000190d5800 JavaThread "C2 CompilerThread1" daemon [_thread_blocked, id=31896, stack(0x00000000199b0000,0x0000000019ab0000)]
=>0x00000000190d1000 JavaThread "C2 CompilerThread0" daemon [_thread_in_native, id=34644, stack(0x00000000198b0000,0x00000000199b0000)]
  0x000000001907f000 JavaThread "Attach Listener" daemon [_thread_blocked, id=37040, stack(0x00000000197b0000,0x00000000198b0000)]
  0x000000001907e000 JavaThread "Signal Dispatcher" daemon [_thread_blocked, id=21224, stack(0x00000000196b0000,0x00000000197b0000)]
  0x0000000019060800 JavaThread "Finalizer" daemon [_thread_blocked, id=37096, stack(0x0000000019540000,0x0000000019640000)]
  0x0000000003468000 JavaThread "Reference Handler" daemon [_thread_blocked, id=33932, stack(0x0000000019440000,0x0000000019540000)]
  0x000000000326e800 JavaThread "main" [_thread_blocked, id=30888, stack(0x0000000003270000,0x0000000003370000)]

Other Threads:
  0x0000000017246800 VMThread [stack: 0x0000000018f40000,0x0000000019040000] [id=39684]
  0x0000000019166000 WatcherThread [stack: 0x0000000019db0000,0x0000000019eb0000] [id=28832]

VM state:not at safepoint (normal execution)

VM Mutex/Monitor currently owned by a thread: None

heap address: 0x00000000a0000000, size: 1536 MB, Compressed Oops mode: 32-bit
Narrow klass base: 0x0000000000000000, Narrow klass shift: 3
Compressed class space size: 1073741824 Address: 0x0000000100000000

Heap:
 PSYoungGen      total 221696K, used 208807K [0x00000000e0000000, 0x00000000eea00000, 0x0000000100000000)
  eden space 210944K, 98% used [0x00000000e0000000,0x00000000ecbe9fe8,0x00000000ece00000)
  from space 10752K, 0% used [0x00000000edf80000,0x00000000edf80000,0x00000000eea00000)
  to   space 14336K, 0% used [0x00000000ece00000,0x00000000ece00000,0x00000000edc00000)
 ParOldGen       total 145920K, used 16654K [0x00000000a0000000, 0x00000000a8e80000, 0x00000000e0000000)
  object space 145920K, 11% used [0x00000000a0000000,0x00000000a1043b90,0x00000000a8e80000)
 Metaspace       used 52286K, capacity 53732K, committed 53888K, reserved 1095680K
  class space    used 6879K, capacity 7240K, committed 7296K, reserved 1048576K

Card table byte_map: [0x0000000012830000,0x0000000012b40000] byte_map_base: 0x0000000012330000

Marking Bits: (ParMarkBitMap*) 0x0000000068e19f30
 Begin Bits: [0x0000000013540000, 0x0000000014d40000)
 End Bits:   [0x0000000014d40000, 0x0000000016540000)

Polling page: 0x0000000002ea0000

CodeCache: size=245760Kb used=15685Kb max_used=15698Kb free=230074Kb
 bounds [0x0000000003470000, 0x00000000043e0000, 0x0000000012470000]
 total_blobs=5340 nmethods=4539 adapters=713
 compilation: enabled

Compilation events (10 events):
Event: 9.856 Thread 0x00000000190e0000 4940       3       java.util.StringTokenizer::hasMoreTokens (29 bytes)
Event: 9.857 Thread 0x00000000190e0000 nmethod 4940 0x00000000043ca7d0 code [0x00000000043ca940, 0x00000000043cab48]
Event: 9.867 Thread 0x00000000190d5800 nmethod 4926 0x00000000043cf350 code [0x00000000043cf540, 0x00000000043d1018]
Event: 9.867 Thread 0x00000000190d5800 4937       4       sun.misc.URLClassPath$JarLoader::findResource (18 bytes)
Event: 9.868 Thread 0x00000000190d5800 nmethod 4937 0x00000000043cc3d0 code [0x00000000043cc520, 0x00000000043cc5c8]
Event: 9.868 Thread 0x00000000190d5800 4936       4       sun.misc.URLClassPath$JarLoader$2::getInputStream (15 bytes)
Event: 9.869 Thread 0x00000000190d5800 nmethod 4936 0x00000000043cabd0 code [0x00000000043cad20, 0x00000000043cadc8]
Event: 9.926 Thread 0x00000000190e0000 4941       3       java.util.logging.LogManager::getProperty (9 bytes)
Event: 9.926 Thread 0x00000000190e0000 nmethod 4941 0x00000000043cbf90 code [0x00000000043cc100, 0x00000000043cc328]
Event: 9.927 Thread 0x00000000190e0000 4942       3       java.util.logging.LogManager$LoggerContext::requiresDefaultLoggers (29 bytes)

GC Heap History (10 events):
Event: 3.321 GC heap before
{Heap before GC invocations=4 (full 0):
 PSYoungGen      total 75776K, used 18019K [0x00000000e0000000, 0x00000000e9400000, 0x0000000100000000)
  eden space 65024K, 11% used [0x00000000e0000000,0x00000000e071c560,0x00000000e3f80000)
  from space 10752K, 99% used [0x00000000e3f80000,0x00000000e49fca48,0x00000000e4a00000)
  to   space 10752K, 0% used [0x00000000e8980000,0x00000000e8980000,0x00000000e9400000)
 ParOldGen       total 173568K, used 1329K [0x00000000a0000000, 0x00000000aa980000, 0x00000000e0000000)
  object space 173568K, 0% used [0x00000000a0000000,0x00000000a014c710,0x00000000aa980000)
 Metaspace       used 20661K, capacity 21182K, committed 21296K, reserved 1067008K
  class space    used 2970K, capacity 3133K, committed 3200K, reserved 1048576K
Event: 3.330 GC heap after
Heap after GC invocations=4 (full 0):
 PSYoungGen      total 140800K, used 8125K [0x00000000e0000000, 0x00000000e9400000, 0x0000000100000000)
  eden space 130048K, 0% used [0x00000000e0000000,0x00000000e0000000,0x00000000e7f00000)
  from space 10752K, 75% used [0x00000000e8980000,0x00000000e916f6b0,0x00000000e9400000)
  to   space 10752K, 0% used [0x00000000e7f00000,0x00000000e7f00000,0x00000000e8980000)
 ParOldGen       total 173568K, used 1337K [0x00000000a0000000, 0x00000000aa980000, 0x00000000e0000000)
  object space 173568K, 0% used [0x00000000a0000000,0x00000000a014e710,0x00000000aa980000)
 Metaspace       used 20661K, capacity 21182K, committed 21296K, reserved 1067008K
  class space    used 2970K, capacity 3133K, committed 3200K, reserved 1048576K
}
Event: 3.330 GC heap before
{Heap before GC invocations=5 (full 1):
 PSYoungGen      total 140800K, used 8125K [0x00000000e0000000, 0x00000000e9400000, 0x0000000100000000)
  eden space 130048K, 0% used [0x00000000e0000000,0x00000000e0000000,0x00000000e7f00000)
  from space 10752K, 75% used [0x00000000e8980000,0x00000000e916f6b0,0x00000000e9400000)
  to   space 10752K, 0% used [0x00000000e7f00000,0x00000000e7f00000,0x00000000e8980000)
 ParOldGen       total 173568K, used 1337K [0x00000000a0000000, 0x00000000aa980000, 0x00000000e0000000)
  object space 173568K, 0% used [0x00000000a0000000,0x00000000a014e710,0x00000000aa980000)
 Metaspace       used 20661K, capacity 21182K, committed 21296K, reserved 1067008K
  class space    used 2970K, capacity 3133K, committed 3200K, reserved 1048576K
Event: 3.369 GC heap after
Heap after GC invocations=5 (full 1):
 PSYoungGen      total 140800K, used 0K [0x00000000e0000000, 0x00000000e9400000, 0x0000000100000000)
  eden space 130048K, 0% used [0x00000000e0000000,0x00000000e0000000,0x00000000e7f00000)
  from space 10752K, 0% used [0x00000000e8980000,0x00000000e8980000,0x00000000e9400000)
  to   space 10752K, 0% used [0x00000000e7f00000,0x00000000e7f00000,0x00000000e8980000)
 ParOldGen       total 94720K, used 7948K [0x00000000a0000000, 0x00000000a5c80000, 0x00000000e0000000)
  object space 94720K, 8% used [0x00000000a0000000,0x00000000a07c30e0,0x00000000a5c80000)
 Metaspace       used 20661K, capacity 21182K, committed 21296K, reserved 1067008K
  class space    used 2970K, capacity 3133K, committed 3200K, reserved 1048576K
}
Event: 5.188 GC heap before
{Heap before GC invocations=6 (full 1):
 PSYoungGen      total 140800K, used 130048K [0x00000000e0000000, 0x00000000e9400000, 0x0000000100000000)
  eden space 130048K, 100% used [0x00000000e0000000,0x00000000e7f00000,0x00000000e7f00000)
  from space 10752K, 0% used [0x00000000e8980000,0x00000000e8980000,0x00000000e9400000)
  to   space 10752K, 0% used [0x00000000e7f00000,0x00000000e7f00000,0x00000000e8980000)
 ParOldGen       total 94720K, used 7948K [0x00000000a0000000, 0x00000000a5c80000, 0x00000000e0000000)
  object space 94720K, 8% used [0x00000000a0000000,0x00000000a07c30e0,0x00000000a5c80000)
 Metaspace       used 31680K, capacity 32408K, committed 32768K, reserved 1077248K
  class space    used 4328K, capacity 4563K, committed 4608K, reserved 1048576K
Event: 5.198 GC heap after
Heap after GC invocations=6 (full 1):
 PSYoungGen      total 140800K, used 10733K [0x00000000e0000000, 0x00000000eee00000, 0x0000000100000000)
  eden space 130048K, 0% used [0x00000000e0000000,0x00000000e0000000,0x00000000e7f00000)
  from space 10752K, 99% used [0x00000000e7f00000,0x00000000e897b7b8,0x00000000e8980000)
  to   space 14848K, 0% used [0x00000000edf80000,0x00000000edf80000,0x00000000eee00000)
 ParOldGen       total 94720K, used 9969K [0x00000000a0000000, 0x00000000a5c80000, 0x00000000e0000000)
  object space 94720K, 10% used [0x00000000a0000000,0x00000000a09bc620,0x00000000a5c80000)
 Metaspace       used 31680K, capacity 32408K, committed 32768K, reserved 1077248K
  class space    used 4328K, capacity 4563K, committed 4608K, reserved 1048576K
}
Event: 6.109 GC heap before
{Heap before GC invocations=7 (full 1):
 PSYoungGen      total 140800K, used 72036K [0x00000000e0000000, 0x00000000eee00000, 0x0000000100000000)
  eden space 130048K, 47% used [0x00000000e0000000,0x00000000e3bdd8a0,0x00000000e7f00000)
  from space 10752K, 99% used [0x00000000e7f00000,0x00000000e897b7b8,0x00000000e8980000)
  to   space 14848K, 0% used [0x00000000edf80000,0x00000000edf80000,0x00000000eee00000)
 ParOldGen       total 94720K, used 9969K [0x00000000a0000000, 0x00000000a5c80000, 0x00000000e0000000)
  object space 94720K, 10% used [0x00000000a0000000,0x00000000a09bc620,0x00000000a5c80000)
 Metaspace       used 34533K, capacity 35378K, committed 35456K, reserved 1079296K
  class space    used 4729K, capacity 4960K, committed 4992K, reserved 1048576K
Event: 6.121 GC heap after
Heap after GC invocations=7 (full 1):
 PSYoungGen      total 221696K, used 9730K [0x00000000e0000000, 0x00000000eea00000, 0x0000000100000000)
  eden space 210944K, 0% used [0x00000000e0000000,0x00000000e0000000,0x00000000ece00000)
  from space 10752K, 90% used [0x00000000edf80000,0x00000000ee900878,0x00000000eea00000)
  to   space 14336K, 0% used [0x00000000ece00000,0x00000000ece00000,0x00000000edc00000)
 ParOldGen       total 94720K, used 9977K [0x00000000a0000000, 0x00000000a5c80000, 0x00000000e0000000)
  object space 94720K, 10% used [0x00000000a0000000,0x00000000a09be620,0x00000000a5c80000)
 Metaspace       used 34533K, capacity 35378K, committed 35456K, reserved 1079296K
  class space    used 4729K, capacity 4960K, committed 4992K, reserved 1048576K
}
Event: 6.122 GC heap before
{Heap before GC invocations=8 (full 2):
 PSYoungGen      total 221696K, used 9730K [0x00000000e0000000, 0x00000000eea00000, 0x0000000100000000)
  eden space 210944K, 0% used [0x00000000e0000000,0x00000000e0000000,0x00000000ece00000)
  from space 10752K, 90% used [0x00000000edf80000,0x00000000ee900878,0x00000000eea00000)
  to   space 14336K, 0% used [0x00000000ece00000,0x00000000ece00000,0x00000000edc00000)
 ParOldGen       total 94720K, used 9977K [0x00000000a0000000, 0x00000000a5c80000, 0x00000000e0000000)
  object space 94720K, 10% used [0x00000000a0000000,0x00000000a09be620,0x00000000a5c80000)
 Metaspace       used 34533K, capacity 35378K, committed 35456K, reserved 1079296K
  class space    used 4729K, capacity 4960K, committed 4992K, reserved 1048576K
Event: 6.188 GC heap after
Heap after GC invocations=8 (full 2):
 PSYoungGen      total 221696K, used 0K [0x00000000e0000000, 0x00000000eea00000, 0x0000000100000000)
  eden space 210944K, 0% used [0x00000000e0000000,0x00000000e0000000,0x00000000ece00000)
  from space 10752K, 0% used [0x00000000edf80000,0x00000000edf80000,0x00000000eea00000)
  to   space 14336K, 0% used [0x00000000ece00000,0x00000000ece00000,0x00000000edc00000)
 ParOldGen       total 145920K, used 16654K [0x00000000a0000000, 0x00000000a8e80000, 0x00000000e0000000)
  object space 145920K, 11% used [0x00000000a0000000,0x00000000a1043b90,0x00000000a8e80000)
 Metaspace       used 34533K, capacity 35378K, committed 35456K, reserved 1079296K
  class space    used 4729K, capacity 4960K, committed 4992K, reserved 1048576K
}

Deoptimization events (10 events):
Event: 8.488 Thread 0x000000001bd1a800 Uncommon trap: reason=unstable_if action=reinterpret pc=0x0000000003dd0d54 method=org.gradle.internal.reflect.PropertyAccessorType.of(Ljava/lang/reflect/Method;)Lorg/gradle/internal/reflect/PropertyAccessorType; @ 56
Event: 8.920 Thread 0x000000001bd1a800 Uncommon trap: reason=unstable_if action=reinterpret pc=0x000000000409c6d8 method=java.io.WinNTFileSystem.prefixLength(Ljava/lang/String;)I @ 42
Event: 8.993 Thread 0x000000001bd1a800 Uncommon trap: reason=unstable_if action=reinterpret pc=0x0000000003e100d8 method=java.lang.ClassValue.match(Ljava/lang/ClassValue$Entry;)Z @ 12
Event: 9.008 Thread 0x000000001bd1a800 Uncommon trap: reason=unstable_if action=reinterpret pc=0x0000000003e45dac method=java.lang.ClassValue.match(Ljava/lang/ClassValue$Entry;)Z @ 12
Event: 9.320 Thread 0x000000001bd1a800 Uncommon trap: reason=bimorphic action=maybe_recompile pc=0x000000000367e0fc method=java.util.regex.Pattern$5.isSatisfiedBy(I)Z @ 16
Event: 9.320 Thread 0x000000001bd1a800 Uncommon trap: reason=bimorphic action=maybe_recompile pc=0x000000000367e0fc method=java.util.regex.Pattern$5.isSatisfiedBy(I)Z @ 16
Event: 9.320 Thread 0x000000001bd1a800 Uncommon trap: reason=bimorphic action=maybe_recompile pc=0x000000000367e0fc method=java.util.regex.Pattern$5.isSatisfiedBy(I)Z @ 16
Event: 9.320 Thread 0x000000001bd1a800 Uncommon trap: reason=bimorphic action=maybe_recompile pc=0x000000000367e0fc method=java.util.regex.Pattern$5.isSatisfiedBy(I)Z @ 16
Event: 9.721 Thread 0x000000001bd1a800 Uncommon trap: reason=unstable_if action=reinterpret pc=0x000000000412ec94 method=java.lang.String$CaseInsensitiveComparator.compare(Ljava/lang/String;Ljava/lang/String;)I @ 70
Event: 9.721 Thread 0x000000001bd1a800 Uncommon trap: reason=unstable_if action=reinterpret pc=0x00000000036e943c method=java.lang.String$CaseInsensitiveComparator.compare(Ljava/lang/String;Ljava/lang/String;)I @ 70

Classes redefined (0 events):
No events

Internal exceptions (10 events):
Event: 9.814 Thread 0x000000001bd1a800 Exception <a 'sun/nio/fs/WindowsException'> (0x00000000ec4c28e0) thrown at [D:\src\AOSP-openjdk-cygwin\jdk8u\hotspot\src\share\vm\prims\jni.cpp, line 710]
Event: 9.814 Thread 0x000000001bd1a800 Exception <a 'sun/nio/fs/WindowsException'> (0x00000000ec4c34c8) thrown at [D:\src\AOSP-openjdk-cygwin\jdk8u\hotspot\src\share\vm\prims\jni.cpp, line 710]
Event: 9.815 Thread 0x000000001bd1a800 Exception <a 'sun/nio/fs/WindowsException'> (0x00000000ec4c6590) thrown at [D:\src\AOSP-openjdk-cygwin\jdk8u\hotspot\src\share\vm\prims\jni.cpp, line 710]
Event: 9.816 Thread 0x000000001bd1a800 Exception <a 'sun/nio/fs/WindowsException'> (0x00000000ec4c7178) thrown at [D:\src\AOSP-openjdk-cygwin\jdk8u\hotspot\src\share\vm\prims\jni.cpp, line 710]
Event: 9.817 Thread 0x000000001bd1a800 Exception <a 'sun/nio/fs/WindowsException'> (0x00000000ec4c9838) thrown at [D:\src\AOSP-openjdk-cygwin\jdk8u\hotspot\src\share\vm\prims\jni.cpp, line 710]
Event: 9.817 Thread 0x000000001bd1a800 Exception <a 'sun/nio/fs/WindowsException'> (0x00000000ec4ca420) thrown at [D:\src\AOSP-openjdk-cygwin\jdk8u\hotspot\src\share\vm\prims\jni.cpp, line 710]
Event: 9.818 Thread 0x000000001bd1a800 Exception <a 'sun/nio/fs/WindowsException'> (0x00000000ec4cd4e8) thrown at [D:\src\AOSP-openjdk-cygwin\jdk8u\hotspot\src\share\vm\prims\jni.cpp, line 710]
Event: 9.818 Thread 0x000000001bd1a800 Exception <a 'sun/nio/fs/WindowsException'> (0x00000000ec4ce0d0) thrown at [D:\src\AOSP-openjdk-cygwin\jdk8u\hotspot\src\share\vm\prims\jni.cpp, line 710]
Event: 9.833 Thread 0x000000001bd1a800 Exception <a 'java/lang/ClassNotFoundException': com/sun/org/glassfish/hk2/osgiresourcelocator/ServiceLoader> (0x00000000ec5495e0) thrown at [D:\src\AOSP-openjdk-cygwin\jdk8u\hotspot\src\share\vm\classfile\systemDictionary.cpp, line 210]
Event: 9.925 Thread 0x000000001bd1a800 Exception <a 'java/lang/NullPointerException'> (0x00000000ecb67600) thrown at [D:\src\AOSP-openjdk-cygwin\jdk8u\hotspot\src\share\vm\interpreter\linkResolver.cpp, line 1287]

Events (10 events):
Event: 9.923 loading class com/sun/xml/bind/v2/runtime/Location
Event: 9.923 loading class com/sun/xml/bind/v2/runtime/Location done
Event: 9.924 loading class com/sun/xml/bind/v2/model/impl/RuntimeArrayInfoImpl
Event: 9.924 loading class com/sun/xml/bind/v2/model/impl/RuntimeArrayInfoImpl done
Event: 9.925 loading class com/sun/xml/bind/v2/model/runtime/RuntimeArrayInfo
Event: 9.925 loading class com/sun/xml/bind/v2/model/runtime/RuntimeArrayInfo done
Event: 9.926 loading class com/sun/xml/bind/WhiteSpaceProcessor
Event: 9.926 loading class com/sun/xml/bind/WhiteSpaceProcessor done
Event: 9.926 loading class com/sun/xml/bind/v2/model/impl/Utils
Event: 9.926 loading class com/sun/xml/bind/v2/model/impl/Utils done


Dynamic libraries:
0x00007ff6efdb0000 - 0x00007ff6efde1000 	C:\Program Files\Android\Android Studio\jre\bin\java.exe
0x00007ff91ade0000 - 0x00007ff91afd0000 	C:\WINDOWS\SYSTEM32\ntdll.dll
0x00007ff918e90000 - 0x00007ff918f42000 	C:\WINDOWS\System32\KERNEL32.DLL
0x00007ff917d90000 - 0x00007ff918034000 	C:\WINDOWS\System32\KERNELBASE.dll
0x00007ff9198a0000 - 0x00007ff919943000 	C:\WINDOWS\System32\ADVAPI32.DLL
0x00007ff919600000 - 0x00007ff91969e000 	C:\WINDOWS\System32\msvcrt.dll
0x00007ff91ad00000 - 0x00007ff91ad97000 	C:\WINDOWS\System32\sechost.dll
0x00007ff919950000 - 0x00007ff919a70000 	C:\WINDOWS\System32\RPCRT4.dll
0x00007ff919440000 - 0x00007ff9195d5000 	C:\WINDOWS\System32\USER32.dll
0x00007ff9180e0000 - 0x00007ff918101000 	C:\WINDOWS\System32\win32u.dll
0x00007ff91a220000 - 0x00007ff91a246000 	C:\WINDOWS\System32\GDI32.dll
0x00007ff918cf0000 - 0x00007ff918e86000 	C:\WINDOWS\System32\gdi32full.dll
0x00007ff9189b0000 - 0x00007ff918a4e000 	C:\WINDOWS\System32\msvcp_win.dll
0x00007ff918a50000 - 0x00007ff918b4a000 	C:\WINDOWS\System32\ucrtbase.dll
0x00007ff904fb0000 - 0x00007ff905234000 	C:\WINDOWS\WinSxS\amd64_microsoft.windows.common-controls_6595b64144ccf1df_6.0.18362.1016_none_9e7a36bbe461dae4\COMCTL32.dll
0x00007ff91a8f0000 - 0x00007ff91ac25000 	C:\WINDOWS\System32\combase.dll
0x00007ff918040000 - 0x00007ff9180c0000 	C:\WINDOWS\System32\bcryptPrimitives.dll
0x00007ff919a80000 - 0x00007ff919aae000 	C:\WINDOWS\System32\IMM32.DLL
0x0000000066b40000 - 0x0000000066c12000 	C:\Program Files\Android\Android Studio\jre\jre\bin\msvcr100.dll
0x0000000068650000 - 0x0000000068e96000 	C:\Program Files\Android\Android Studio\jre\jre\bin\server\jvm.dll
0x00007ff919a70000 - 0x00007ff919a78000 	C:\WINDOWS\System32\PSAPI.DLL
0x00007ff90fbc0000 - 0x00007ff90fbe4000 	C:\WINDOWS\SYSTEM32\WINMM.dll
0x00007ff90d4b0000 - 0x00007ff90d4ba000 	C:\WINDOWS\SYSTEM32\VERSION.dll
0x00007ff8fb6d0000 - 0x00007ff8fb6d9000 	C:\WINDOWS\SYSTEM32\WSOCK32.dll
0x00007ff919ab0000 - 0x00007ff919b1f000 	C:\WINDOWS\System32\WS2_32.dll
0x00007ff90fb10000 - 0x00007ff90fb3d000 	C:\WINDOWS\SYSTEM32\WINMMBASE.dll
0x00007ff918ca0000 - 0x00007ff918cea000 	C:\WINDOWS\System32\cfgmgr32.dll
0x00007ff900f20000 - 0x00007ff900f2f000 	C:\Program Files\Android\Android Studio\jre\jre\bin\verify.dll
0x00007ff8f61b0000 - 0x00007ff8f61d9000 	C:\Program Files\Android\Android Studio\jre\jre\bin\java.dll
0x00007ff8f8f80000 - 0x00007ff8f8f96000 	C:\Program Files\Android\Android Studio\jre\jre\bin\zip.dll
0x00007ff919b20000 - 0x00007ff91a207000 	C:\WINDOWS\System32\SHELL32.dll
0x00007ff9196a0000 - 0x00007ff919749000 	C:\WINDOWS\System32\shcore.dll
0x00007ff918110000 - 0x00007ff918892000 	C:\WINDOWS\System32\windows.storage.dll
0x00007ff917d10000 - 0x00007ff917d33000 	C:\WINDOWS\System32\profapi.dll
0x00007ff917ca0000 - 0x00007ff917cea000 	C:\WINDOWS\System32\powrprof.dll
0x00007ff917c90000 - 0x00007ff917ca0000 	C:\WINDOWS\System32\UMPDC.dll
0x00007ff91a6c0000 - 0x00007ff91a712000 	C:\WINDOWS\System32\shlwapi.dll
0x00007ff917d40000 - 0x00007ff917d51000 	C:\WINDOWS\System32\kernel.appcore.dll
0x00007ff9180c0000 - 0x00007ff9180d7000 	C:\WINDOWS\System32\cryptsp.dll
0x00007ff8f4660000 - 0x00007ff8f467a000 	C:\Program Files\Android\Android Studio\jre\jre\bin\net.dll
0x00007ff902090000 - 0x00007ff902266000 	C:\WINDOWS\SYSTEM32\urlmon.dll
0x00007ff902710000 - 0x00007ff9029b6000 	C:\WINDOWS\SYSTEM32\iertutil.dll
0x00007ff9176c0000 - 0x00007ff9176cc000 	C:\WINDOWS\SYSTEM32\CRYPTBASE.DLL
0x00007ff9019b0000 - 0x00007ff9019d0000 	C:\WINDOWS\system32\PrxerDrv.dll
0x00007ff9174f0000 - 0x00007ff917557000 	C:\WINDOWS\system32\mswsock.dll
0x00007ff8f1a50000 - 0x00007ff8f1a63000 	C:\Program Files\Android\Android Studio\jre\jre\bin\nio.dll
0x00007ff8fbe20000 - 0x00007ff8fbe46000 	C:\Users\Administrator\.gradle\native\30\windows-amd64\native-platform.dll
0x00007ff8fbad0000 - 0x00007ff8fbadd000 	C:\Program Files\Android\Android Studio\jre\jre\bin\management.dll
0x00007ff917060000 - 0x00007ff917093000 	C:\WINDOWS\system32\rsaenh.dll
0x00007ff917d60000 - 0x00007ff917d86000 	C:\WINDOWS\System32\bcrypt.dll
0x00007ff917bb0000 - 0x00007ff917bd5000 	C:\WINDOWS\SYSTEM32\USERENV.dll
0x00007ff917200000 - 0x00007ff91723a000 	C:\WINDOWS\SYSTEM32\IPHLPAPI.DLL
0x00007ff91a210000 - 0x00007ff91a218000 	C:\WINDOWS\System32\NSI.dll
0x00007ff90c850000 - 0x00007ff90c866000 	C:\WINDOWS\SYSTEM32\dhcpcsvc6.DLL
0x00007ff90bb60000 - 0x00007ff90bb7c000 	C:\WINDOWS\SYSTEM32\dhcpcsvc.DLL
0x00007ff917240000 - 0x00007ff91730b000 	C:\WINDOWS\SYSTEM32\DNSAPI.dll
0x00007ff8f9480000 - 0x00007ff8f949b000 	C:\WINDOWS\System32\PrxerNsp.dll

VM Arguments:
jvm_args: -Xmx1536m -Dfile.encoding=GBK -Duser.country=CN -Duser.language=zh -Duser.variant 
java_command: org.gradle.launcher.daemon.bootstrap.GradleDaemon 5.6.4
java_class_path (initial): C:\Users\Administrator\.gradle\wrapper\dists\gradle-5.6.4-all\ankdp27end7byghfw1q2sw75f\gradle-5.6.4\lib\gradle-launcher-5.6.4.jar
Launcher Type: SUN_STANDARD

Environment Variables:
JAVA_HOME=C:\Program Files\Java\jdk1.8.0_212
CLASSPATH=.;C:\Program Files\Java\jdk1.8.0_212\lib\dt.jar;C:\Program Files\Java\jdk1.8.0_212\lib\tools.jar;
PATH=C:\Program Files (x86)\Common Files\Oracle\Java\javapath;C:\WINDOWS\system32;C:\WINDOWS;C:\WINDOWS\System32\Wbem;C:\WINDOWS\System32\WindowsPowerShell\v1.0\;C:\Program Files\Microsoft SQL Server\130\Tools\Binn\;%USERPROFILE%\.dnx\bin;C:\Program Files\Microsoft DNX\Dnvm\;C:\Program Files (x86)\Windows Kits\8.1\Windows Performance Toolkit\;C:\WINDOWS\System32\OpenSSH\;D:\Android\Sdk\platform-tools;E:\flutter\bin;C:\Program Files\Git\cmd;"C:\Program Files\Java\jdk1.8.0_212\bin;C:\Program Files\Java\jdk1.8.0_212\jre\bin;";F:\java_develop\apache-maven-3.6.3\bin;C:\Program Files\MySQL\MySQL Server 5.7\bin;C:\Users\Administrator\AppData\Local\Microsoft\WindowsApps;C:\Program Files\JetBrains\IntelliJ IDEA 2020.2\bin
USERNAME=Administrator
OS=Windows_NT
PROCESSOR_IDENTIFIER=Intel64 Family 6 Model 142 Stepping 12, GenuineIntel



---------------  S Y S T E M  ---------------

OS: Windows 10.0 , 64 bit Build 18362 (10.0.18362.959)

CPU:total 8 (initial active 8) (4 cores per cpu, 2 threads per core) family 6 model 142 stepping 12, cmov, cx8, fxsr, mmx, sse, sse2, sse3, ssse3, sse4.1, sse4.2, popcnt, avx, avx2, aes, clmul, erms, 3dnowpref, lzcnt, ht, tsc, tscinvbit, bmi1, bmi2, adx

Memory: 4k page, physical 16587220k(1318504k free), swap 29619768k(6740k free)

vm_info: OpenJDK 64-Bit Server VM (25.212-b04) for windows-amd64 JRE (1.8.0_212-release-1586-b04), built by "builder" with MS VC++ 10.0 (VS2010)

time: Fri Sep 18 18:21:18 2020
timezone: 中国标准时间
elapsed time: 9 seconds (0d 0h 0m 9s)

