#
# There is insufficient memory for the Java Runtime Environment to continue.
# Native memory allocation (malloc) failed to allocate 1909776 bytes for Chunk::new
# Possible reasons:
#   The system is out of physical RAM or swap space
#   The process is running with CompressedOops enabled, and the Java Heap may be blocking the growth of the native heap
# Possible solutions:
#   Reduce memory load on the system
#   Increase physical memory or swap space
#   Check if swap backing store is full
#   Decrease Java heap size (-Xmx/-Xms)
#   Decrease number of Java threads
#   Decrease Java thread stack sizes (-Xss)
#   Set larger code cache with -XX:ReservedCodeCacheSize=
#   JVM is running with Unscaled Compressed Oops mode in which the Java heap is
#     placed in the first 4GB address space. The Java Heap base address is the
#     maximum limit for the native heap growth. Please use -XX:HeapBaseMinAddress
#     to set the Java Heap base and to place the Java Heap above 4GB virtual address.
# This output file may be truncated or incomplete.
#
#  Out of Memory Error (allocation.cpp:389), pid=8868, tid=0x0000000000006e48
#
# JRE version: OpenJDK Runtime Environment (8.0_212-b04) (build 1.8.0_212-release-1586-b04)
# Java VM: OpenJDK 64-Bit Server VM (25.212-b04 mixed mode windows-amd64 compressed oops)
# Failed to write core dump. Minidumps are not enabled by default on client versions of Windows
#

---------------  T H R E A D  ---------------

Current thread (0x00000000185ad000):  JavaThread "C2 CompilerThread0" daemon [_thread_in_native, id=28232, stack(0x0000000018d20000,0x0000000018e20000)]

Stack: [0x0000000018d20000,0x0000000018e20000]
[error occurred during error reporting (printing stack bounds), id 0xc0000005]

Native frames: (J=compiled Java code, j=interpreted, Vv=VM code, C=native code)


Current CompileTask:
C2:   6097 2578       4       groovy.lang.MetaClassImpl$1MOPIter::methodNameAction (325 bytes)


---------------  P R O C E S S  ---------------

Java Threads: ( => current thread )
  0x000000001a722800 JavaThread "Cache worker for execution history cache (C:\Users\Administrator\.gradle\caches\5.6.4\executionHistory)" [_thread_blocked, id=25208, stack(0x0000000020d90000,0x0000000020e90000)]
  0x000000001b2b1800 JavaThread "Cache worker for cache directory md-rule (C:\Users\Administrator\.gradle\caches\5.6.4\md-rule)" [_thread_blocked, id=23500, stack(0x000000001f5b0000,0x000000001f6b0000)]
  0x000000001b2af000 JavaThread "Cache worker for cache directory md-supplier (C:\Users\Administrator\.gradle\caches\5.6.4\md-supplier)" [_thread_blocked, id=37944, stack(0x000000001f310000,0x000000001f410000)]
  0x000000001b2b3800 JavaThread "Cache worker for file hash cache (E:\android_gun_manager\ManagerApplication\.gradle\5.6.4\fileHashes)" [_thread_blocked, id=37076, stack(0x000000001f4b0000,0x000000001f5b0000)]
  0x000000001b2b3000 JavaThread "Cache worker for journal cache (C:\Users\Administrator\.gradle\caches\journal-1)" [_thread_blocked, id=6152, stack(0x000000001ce70000,0x000000001cf70000)]
  0x000000001b2b0000 JavaThread "File lock request listener" [_thread_in_native, id=36880, stack(0x000000001cd70000,0x000000001ce70000)]
  0x000000001b2b2000 JavaThread "Cache worker for file hash cache (C:\Users\Administrator\.gradle\caches\5.6.4\fileHashes)" [_thread_blocked, id=38456, stack(0x000000001cc70000,0x000000001cd70000)]
  0x000000001b087000 JavaThread "Thread-9" [_thread_blocked, id=27332, stack(0x000000001c970000,0x000000001ca70000)]
  0x000000001b0c6000 JavaThread "Stdin handler" [_thread_blocked, id=31304, stack(0x000000001c870000,0x000000001c970000)]
  0x000000001b089000 JavaThread "Asynchronous log dispatcher for DefaultDaemonConnection: socket connection from /127.0.0.1:50028 to /127.0.0.1:50029" [_thread_blocked, id=29856, stack(0x000000001c670000,0x000000001c770000)]
  0x000000001b0c4000 JavaThread "Daemon worker" [_thread_in_native, id=23948, stack(0x000000001c570000,0x000000001c670000)]
  0x000000001b0bf800 JavaThread "Cancel handler" [_thread_blocked, id=24272, stack(0x000000001c470000,0x000000001c570000)]
  0x000000001b063000 JavaThread "Handler for socket connection from /127.0.0.1:50028 to /127.0.0.1:50029" [_thread_in_native, id=34960, stack(0x000000001c170000,0x000000001c270000)]
  0x000000001b05e800 JavaThread "Daemon" [_thread_blocked, id=35236, stack(0x000000001c070000,0x000000001c170000)]
  0x000000001afff800 JavaThread "Daemon periodic checks" [_thread_blocked, id=34828, stack(0x000000001bf70000,0x000000001c070000)]
  0x000000001afd3800 JavaThread "Incoming local TCP Connector on port 50028" [_thread_in_native, id=16792, stack(0x000000001be70000,0x000000001bf70000)]
  0x000000001af39000 JavaThread "Daemon health stats" [_thread_blocked, id=38464, stack(0x000000001aaf0000,0x000000001abf0000)]
  0x0000000018658800 JavaThread "Service Thread" daemon [_thread_blocked, id=31244, stack(0x0000000019120000,0x0000000019220000)]
  0x00000000185c9000 JavaThread "C1 CompilerThread3" daemon [_thread_blocked, id=28792, stack(0x0000000019020000,0x0000000019120000)]
  0x00000000185c3000 JavaThread "C2 CompilerThread2" daemon [_thread_in_native, id=33044, stack(0x0000000018f20000,0x0000000019020000)]
  0x00000000185b5000 JavaThread "C2 CompilerThread1" daemon [_thread_in_native, id=36652, stack(0x0000000018e20000,0x0000000018f20000)]
=>0x00000000185ad000 JavaThread "C2 CompilerThread0" daemon [_thread_in_native, id=28232, stack(0x0000000018d20000,0x0000000018e20000)]
  0x000000001855b000 JavaThread "Attach Listener" daemon [_thread_blocked, id=32180, stack(0x0000000018c20000,0x0000000018d20000)]
  0x000000001855a000 JavaThread "Signal Dispatcher" daemon [_thread_blocked, id=24628, stack(0x0000000018b20000,0x0000000018c20000)]
  0x0000000018540800 JavaThread "Finalizer" daemon [_thread_blocked, id=20416, stack(0x0000000018a20000,0x0000000018b20000)]
  0x0000000002979000 JavaThread "Reference Handler" daemon [_thread_blocked, id=27456, stack(0x0000000018920000,0x0000000018a20000)]
  0x000000000277e800 JavaThread "main" [_thread_blocked, id=5240, stack(0x0000000002780000,0x0000000002880000)]

Other Threads:
  0x0000000016736000 VMThread [stack: 0x0000000018420000,0x0000000018520000] [id=36140]
  0x0000000018659000 WatcherThread [stack: 0x0000000019220000,0x0000000019320000] [id=35944]

VM state:not at safepoint (normal execution)

VM Mutex/Monitor currently owned by a thread: None

heap address: 0x00000000a0000000, size: 1536 MB, Compressed Oops mode: 32-bit
Narrow klass base: 0x0000000000000000, Narrow klass shift: 3
Compressed class space size: 1073741824 Address: 0x0000000100000000

Heap:
 PSYoungGen      total 113664K, used 12830K [0x00000000e0000000, 0x00000000eb800000, 0x0000000100000000)
  eden space 101376K, 12% used [0x00000000e0000000,0x00000000e0c878d8,0x00000000e6300000)
  from space 12288K, 0% used [0x00000000e6300000,0x00000000e6300000,0x00000000e6f00000)
  to   space 13312K, 0% used [0x00000000eab00000,0x00000000eab00000,0x00000000eb800000)
 ParOldGen       total 165888K, used 19034K [0x00000000a0000000, 0x00000000aa200000, 0x00000000e0000000)
  object space 165888K, 11% used [0x00000000a0000000,0x00000000a12968d8,0x00000000aa200000)
 Metaspace       used 35218K, capacity 36140K, committed 36392K, reserved 1081344K
  class space    used 4861K, capacity 5117K, committed 5160K, reserved 1048576K

Card table byte_map: [0x0000000011d40000,0x0000000012050000] byte_map_base: 0x0000000011840000

Marking Bits: (ParMarkBitMap*) 0x0000000068e19f30
 Begin Bits: [0x0000000012a50000, 0x0000000014250000)
 End Bits:   [0x0000000014250000, 0x0000000015a50000)

Polling page: 0x00000000006e0000

CodeCache: size=245760Kb used=11337Kb max_used=11343Kb free=234422Kb
 bounds [0x0000000002980000, 0x00000000034a0000, 0x0000000011980000]
 total_blobs=3613 nmethods=2917 adapters=608
 compilation: enabled

Compilation events (10 events):
Event: 6.091 Thread 0x00000000185c9000 nmethod 2954 0x0000000002a9f250 code [0x0000000002a9f3a0, 0x0000000002a9f510]
Event: 6.091 Thread 0x00000000185c9000 2955       3       java.lang.invoke.MemberName::init (66 bytes)
Event: 6.091 Thread 0x00000000185c9000 nmethod 2955 0x0000000002a9c250 code [0x0000000002a9c3a0, 0x0000000002a9c550]
Event: 6.091 Thread 0x00000000185c9000 2956       1       java.lang.invoke.InnerClassLambdaMetafactory::access$300 (5 bytes)
Event: 6.091 Thread 0x00000000185c9000 nmethod 2956 0x0000000002a90210 code [0x0000000002a90360, 0x0000000002a90450]
Event: 6.093 Thread 0x00000000185c3000 2957       4       java.util.zip.ZipCoder::toString (190 bytes)
Event: 6.094 Thread 0x00000000185c9000 2958       3       java.util.Arrays::fill (28 bytes)
Event: 6.095 Thread 0x00000000185c9000 nmethod 2958 0x0000000002a97b90 code [0x0000000002a97d20, 0x0000000002a980a8]
Event: 6.096 Thread 0x00000000185c9000 2959       3       java.util.Collections::indexedBinarySearch (83 bytes)
Event: 6.096 Thread 0x00000000185c9000 nmethod 2959 0x0000000002ab3510 code [0x0000000002ab36c0, 0x0000000002ab3cc8]

GC Heap History (10 events):
Event: 3.755 GC heap before
{Heap before GC invocations=5 (full 1):
 PSYoungGen      total 75776K, used 8866K [0x00000000e0000000, 0x00000000e9400000, 0x0000000100000000)
  eden space 65024K, 0% used [0x00000000e0000000,0x00000000e0000000,0x00000000e3f80000)
  from space 10752K, 82% used [0x00000000e4a00000,0x00000000e52a8a28,0x00000000e5480000)
  to   space 10752K, 0% used [0x00000000e3f80000,0x00000000e3f80000,0x00000000e4a00000)
 ParOldGen       total 173568K, used 1531K [0x00000000a0000000, 0x00000000aa980000, 0x00000000e0000000)
  object space 173568K, 0% used [0x00000000a0000000,0x00000000a017ed50,0x00000000aa980000)
 Metaspace       used 20714K, capacity 21230K, committed 21296K, reserved 1067008K
  class space    used 2987K, capacity 3142K, committed 3200K, reserved 1048576K
Event: 3.793 GC heap after
Heap after GC invocations=5 (full 1):
 PSYoungGen      total 75776K, used 0K [0x00000000e0000000, 0x00000000e9400000, 0x0000000100000000)
  eden space 65024K, 0% used [0x00000000e0000000,0x00000000e0000000,0x00000000e3f80000)
  from space 10752K, 0% used [0x00000000e4a00000,0x00000000e4a00000,0x00000000e5480000)
  to   space 10752K, 0% used [0x00000000e3f80000,0x00000000e3f80000,0x00000000e4a00000)
 ParOldGen       total 101888K, used 8621K [0x00000000a0000000, 0x00000000a6380000, 0x00000000e0000000)
  object space 101888K, 8% used [0x00000000a0000000,0x00000000a086b6f0,0x00000000a6380000)
 Metaspace       used 20714K, capacity 21230K, committed 21296K, reserved 1067008K
  class space    used 2987K, capacity 3142K, committed 3200K, reserved 1048576K
}
Event: 4.599 GC heap before
{Heap before GC invocations=6 (full 1):
 PSYoungGen      total 75776K, used 65024K [0x00000000e0000000, 0x00000000e9400000, 0x0000000100000000)
  eden space 65024K, 100% used [0x00000000e0000000,0x00000000e3f80000,0x00000000e3f80000)
  from space 10752K, 0% used [0x00000000e4a00000,0x00000000e4a00000,0x00000000e5480000)
  to   space 10752K, 0% used [0x00000000e3f80000,0x00000000e3f80000,0x00000000e4a00000)
 ParOldGen       total 101888K, used 8621K [0x00000000a0000000, 0x00000000a6380000, 0x00000000e0000000)
  object space 101888K, 8% used [0x00000000a0000000,0x00000000a086b6f0,0x00000000a6380000)
 Metaspace       used 28385K, capacity 28944K, committed 29184K, reserved 1075200K
  class space    used 3872K, capacity 4047K, committed 4096K, reserved 1048576K
Event: 4.603 GC heap after
Heap after GC invocations=6 (full 1):
 PSYoungGen      total 75776K, used 7771K [0x00000000e0000000, 0x00000000e7b80000, 0x0000000100000000)
  eden space 65024K, 0% used [0x00000000e0000000,0x00000000e0000000,0x00000000e3f80000)
  from space 10752K, 72% used [0x00000000e3f80000,0x00000000e4716c10,0x00000000e4a00000)
  to   space 12800K, 0% used [0x00000000e6f00000,0x00000000e6f00000,0x00000000e7b80000)
 ParOldGen       total 101888K, used 8629K [0x00000000a0000000, 0x00000000a6380000, 0x00000000e0000000)
  object space 101888K, 8% used [0x00000000a0000000,0x00000000a086d6f0,0x00000000a6380000)
 Metaspace       used 28385K, capacity 28944K, committed 29184K, reserved 1075200K
  class space    used 3872K, capacity 4047K, committed 4096K, reserved 1048576K
}
Event: 5.307 GC heap before
{Heap before GC invocations=7 (full 1):
 PSYoungGen      total 75776K, used 72795K [0x00000000e0000000, 0x00000000e7b80000, 0x0000000100000000)
  eden space 65024K, 100% used [0x00000000e0000000,0x00000000e3f80000,0x00000000e3f80000)
  from space 10752K, 72% used [0x00000000e3f80000,0x00000000e4716c10,0x00000000e4a00000)
  to   space 12800K, 0% used [0x00000000e6f00000,0x00000000e6f00000,0x00000000e7b80000)
 ParOldGen       total 101888K, used 8629K [0x00000000a0000000, 0x00000000a6380000, 0x00000000e0000000)
  object space 101888K, 8% used [0x00000000a0000000,0x00000000a086d6f0,0x00000000a6380000)
 Metaspace       used 32137K, capacity 32930K, committed 33024K, reserved 1077248K
  class space    used 4341K, capacity 4553K, committed 4608K, reserved 1048576K
Event: 5.318 GC heap after
Heap after GC invocations=7 (full 1):
 PSYoungGen      total 114176K, used 8900K [0x00000000e0000000, 0x00000000e7b80000, 0x0000000100000000)
  eden space 101376K, 0% used [0x00000000e0000000,0x00000000e0000000,0x00000000e6300000)
  from space 12800K, 69% used [0x00000000e6f00000,0x00000000e77b1128,0x00000000e7b80000)
  to   space 12288K, 0% used [0x00000000e6300000,0x00000000e6300000,0x00000000e6f00000)
 ParOldGen       total 101888K, used 8637K [0x00000000a0000000, 0x00000000a6380000, 0x00000000e0000000)
  object space 101888K, 8% used [0x00000000a0000000,0x00000000a086f6f0,0x00000000a6380000)
 Metaspace       used 32137K, capacity 32930K, committed 33024K, reserved 1077248K
  class space    used 4341K, capacity 4553K, committed 4608K, reserved 1048576K
}
Event: 5.915 GC heap before
{Heap before GC invocations=8 (full 1):
 PSYoungGen      total 114176K, used 71746K [0x00000000e0000000, 0x00000000e7b80000, 0x0000000100000000)
  eden space 101376K, 61% used [0x00000000e0000000,0x00000000e3d5f8a8,0x00000000e6300000)
  from space 12800K, 69% used [0x00000000e6f00000,0x00000000e77b1128,0x00000000e7b80000)
  to   space 12288K, 0% used [0x00000000e6300000,0x00000000e6300000,0x00000000e6f00000)
 ParOldGen       total 101888K, used 8637K [0x00000000a0000000, 0x00000000a6380000, 0x00000000e0000000)
  object space 101888K, 8% used [0x00000000a0000000,0x00000000a086f6f0,0x00000000a6380000)
 Metaspace       used 34632K, capacity 35474K, committed 35496K, reserved 1079296K
  class space    used 4773K, capacity 5032K, committed 5032K, reserved 1048576K
Event: 5.928 GC heap after
Heap after GC invocations=8 (full 1):
 PSYoungGen      total 113664K, used 11641K [0x00000000e0000000, 0x00000000eb800000, 0x0000000100000000)
  eden space 101376K, 0% used [0x00000000e0000000,0x00000000e0000000,0x00000000e6300000)
  from space 12288K, 94% used [0x00000000e6300000,0x00000000e6e5e430,0x00000000e6f00000)
  to   space 13312K, 0% used [0x00000000eab00000,0x00000000eab00000,0x00000000eb800000)
 ParOldGen       total 101888K, used 8645K [0x00000000a0000000, 0x00000000a6380000, 0x00000000e0000000)
  object space 101888K, 8% used [0x00000000a0000000,0x00000000a08716f0,0x00000000a6380000)
 Metaspace       used 34632K, capacity 35474K, committed 35496K, reserved 1079296K
  class space    used 4773K, capacity 5032K, committed 5032K, reserved 1048576K
}
Event: 5.928 GC heap before
{Heap before GC invocations=9 (full 2):
 PSYoungGen      total 113664K, used 11641K [0x00000000e0000000, 0x00000000eb800000, 0x0000000100000000)
  eden space 101376K, 0% used [0x00000000e0000000,0x00000000e0000000,0x00000000e6300000)
  from space 12288K, 94% used [0x00000000e6300000,0x00000000e6e5e430,0x00000000e6f00000)
  to   space 13312K, 0% used [0x00000000eab00000,0x00000000eab00000,0x00000000eb800000)
 ParOldGen       total 101888K, used 8645K [0x00000000a0000000, 0x00000000a6380000, 0x00000000e0000000)
  object space 101888K, 8% used [0x00000000a0000000,0x00000000a08716f0,0x00000000a6380000)
 Metaspace       used 34632K, capacity 35474K, committed 35496K, reserved 1079296K
  class space    used 4773K, capacity 5032K, committed 5032K, reserved 1048576K
Event: 5.997 GC heap after
Heap after GC invocations=9 (full 2):
 PSYoungGen      total 113664K, used 0K [0x00000000e0000000, 0x00000000eb800000, 0x0000000100000000)
  eden space 101376K, 0% used [0x00000000e0000000,0x00000000e0000000,0x00000000e6300000)
  from space 12288K, 0% used [0x00000000e6300000,0x00000000e6300000,0x00000000e6f00000)
  to   space 13312K, 0% used [0x00000000eab00000,0x00000000eab00000,0x00000000eb800000)
 ParOldGen       total 165888K, used 19034K [0x00000000a0000000, 0x00000000aa200000, 0x00000000e0000000)
  object space 165888K, 11% used [0x00000000a0000000,0x00000000a12968d8,0x00000000aa200000)
 Metaspace       used 34632K, capacity 35474K, committed 35496K, reserved 1079296K
  class space    used 4773K, capacity 5032K, committed 5032K, reserved 1048576K
}

Deoptimization events (10 events):
Event: 5.299 Thread 0x000000001b0c4000 Uncommon trap: reason=unstable_if action=reinterpret pc=0x00000000033111a4 method=org.codehaus.groovy.runtime.metaclass.MetaMethodIndex.addMethodToList(Ljava/lang/Object;Lgroovy/lang/MetaMethod;)Ljava/lang/Object; @ 226
Event: 5.344 Thread 0x000000001b0c4000 Uncommon trap: reason=range_check action=make_not_entrant pc=0x00000000032fa074 method=java.lang.String.charAt(I)C @ 27
Event: 5.511 Thread 0x000000001b0c4000 Uncommon trap: reason=unstable_if action=reinterpret pc=0x0000000002e44c90 method=java.util.HashMap.hash(Ljava/lang/Object;)I @ 1
Event: 5.550 Thread 0x000000001b0c4000 Uncommon trap: reason=bimorphic action=maybe_recompile pc=0x0000000003291320 method=java.util.AbstractCollection.addAll(Ljava/util/Collection;)Z @ 29
Event: 5.594 Thread 0x000000001b0c4000 Uncommon trap: reason=unstable_if action=reinterpret pc=0x0000000003251248 method=org.objectweb.asm.ByteVector.putShort(I)Lorg/objectweb/asm/ByteVector; @ 13
Event: 5.596 Thread 0x000000001b0c4000 Uncommon trap: reason=unstable_if action=reinterpret pc=0x0000000002fbe05c method=java.net.URLStreamHandler.sameFile(Ljava/net/URL;Ljava/net/URL;)Z @ 63
Event: 5.692 Thread 0x000000001b0c4000 Uncommon trap: reason=unstable_if action=reinterpret pc=0x0000000003252884 method=org.gradle.internal.reflect.PropertyAccessorType.isGetGetterName(Ljava/lang/String;)Z @ 14
Event: 5.741 Thread 0x000000001b0c4000 Uncommon trap: reason=unstable_if action=reinterpret pc=0x0000000002beacc4 method=sun.nio.cs.UTF_8$Decoder.decode([BII[C)I @ 30
Event: 5.741 Thread 0x000000001b0c4000 Uncommon trap: reason=unstable_if action=reinterpret pc=0x0000000002b1be58 method=sun.nio.cs.UTF_8$Encoder.encode([CII[B)I @ 33
Event: 5.900 Thread 0x000000001b0c4000 Uncommon trap: reason=unstable_if action=reinterpret pc=0x00000000030164e0 method=java.net.URI.match(CJJ)Z @ 45

Classes redefined (0 events):
No events

Internal exceptions (10 events):
Event: 5.858 Thread 0x000000001b0c4000 Exception <a 'java/lang/ClassNotFoundException': org/gradle/api/internal/artifacts/repositories/DefaultMavenArtifactRepository_DecoratedBeanInfo> (0x00000000e36230f8) thrown at [D:\src\AOSP-openjdk-cygwin\jdk8u\hotspot\src\share\vm\classfile\systemDiction
Event: 5.860 Thread 0x000000001b0c4000 Exception <a 'java/lang/ClassNotFoundException': org/gradle/api/internal/artifacts/repositories/DefaultMavenArtifactRepositoryBeanInfo> (0x00000000e367f6a8) thrown at [D:\src\AOSP-openjdk-cygwin\jdk8u\hotspot\src\share\vm\classfile\systemDictionary.cpp, l
Event: 5.862 Thread 0x000000001b0c4000 Exception <a 'java/lang/ClassNotFoundException': org/gradle/api/internal/artifacts/repositories/AbstractAuthenticationSupportedRepositoryBeanInfo> (0x00000000e36e40d8) thrown at [D:\src\AOSP-openjdk-cygwin\jdk8u\hotspot\src\share\vm\classfile\systemDictio
Event: 5.864 Thread 0x000000001b0c4000 Exception <a 'java/lang/ClassNotFoundException': org/gradle/api/internal/artifacts/repositories/AbstractResolutionAwareArtifactRepositoryBeanInfo> (0x00000000e3748dc8) thrown at [D:\src\AOSP-openjdk-cygwin\jdk8u\hotspot\src\share\vm\classfile\systemDictio
Event: 5.866 Thread 0x000000001b0c4000 Exception <a 'java/lang/ClassNotFoundException': org/gradle/api/internal/artifacts/repositories/AbstractArtifactRepositoryBeanInfo> (0x00000000e37a1358) thrown at [D:\src\AOSP-openjdk-cygwin\jdk8u\hotspot\src\share\vm\classfile\systemDictionary.cpp, line 
Event: 5.867 Thread 0x000000001b0c4000 Exception <a 'java/lang/ClassNotFoundException': org/gradle/api/internal/artifacts/repositories/AbstractArtifactRepositoryCustomizer> (0x00000000e37fc940) thrown at [D:\src\AOSP-openjdk-cygwin\jdk8u\hotspot\src\share\vm\classfile\systemDictionary.cpp, lin
Event: 5.870 Thread 0x000000001b0c4000 Exception <a 'java/lang/ClassNotFoundException': org/gradle/api/internal/artifacts/repositories/AbstractResolutionAwareArtifactRepositoryCustomizer> (0x00000000e3883aa8) thrown at [D:\src\AOSP-openjdk-cygwin\jdk8u\hotspot\src\share\vm\classfile\systemDict
Event: 5.872 Thread 0x000000001b0c4000 Exception <a 'java/lang/ClassNotFoundException': org/gradle/api/internal/artifacts/repositories/AbstractAuthenticationSupportedRepositoryCustomizer> (0x00000000e38f2ed0) thrown at [D:\src\AOSP-openjdk-cygwin\jdk8u\hotspot\src\share\vm\classfile\systemDict
Event: 5.875 Thread 0x000000001b0c4000 Exception <a 'java/lang/ClassNotFoundException': org/gradle/api/internal/artifacts/repositories/DefaultMavenArtifactRepositoryCustomizer> (0x00000000e39659c0) thrown at [D:\src\AOSP-openjdk-cygwin\jdk8u\hotspot\src\share\vm\classfile\systemDictionary.cpp,
Event: 5.878 Thread 0x000000001b0c4000 Exception <a 'java/lang/ClassNotFoundException': org/gradle/api/internal/artifacts/repositories/DefaultMavenArtifactRepository_DecoratedCustomizer> (0x00000000e39e3d68) thrown at [D:\src\AOSP-openjdk-cygwin\jdk8u\hotspot\src\share\vm\classfile\systemDicti

Events (10 events):
Event: 6.092 loading class org/gradle/api/internal/artifacts/ivyservice/modulecache/PersistentModuleMetadataCache$RevisionKeySerializer
Event: 6.092 loading class org/gradle/api/internal/artifacts/ivyservice/modulecache/PersistentModuleMetadataCache$RevisionKeySerializer done
Event: 6.093 loading class org/gradle/api/internal/artifacts/ivyservice/modulecache/ModuleMetadataCacheEntrySerializer
Event: 6.093 loading class org/gradle/api/internal/artifacts/ivyservice/modulecache/ModuleMetadataCacheEntrySerializer done
Event: 6.093 loading class org/gradle/api/internal/artifacts/ivyservice/modulecache/ModuleMetadataCacheEntry
Event: 6.093 loading class org/gradle/api/internal/artifacts/ivyservice/modulecache/ModuleMetadataCacheEntry done
Event: 6.093 loading class org/gradle/api/internal/artifacts/ivyservice/modulecache/MissingModuleCacheEntry
Event: 6.093 loading class org/gradle/api/internal/artifacts/ivyservice/modulecache/MissingModuleCacheEntry done
Event: 6.094 loading class org/gradle/api/internal/artifacts/ivyservice/modulecache/PersistentModuleMetadataCache$1
Event: 6.094 loading class org/gradle/api/internal/artifacts/ivyservice/modulecache/PersistentModuleMetadataCache$1 done


Dynamic libraries:
0x00007ff6efdb0000 - 0x00007ff6efde1000 	C:\Program Files\Android\Android Studio\jre\bin\java.exe
0x00007ff91ade0000 - 0x00007ff91afd0000 	C:\WINDOWS\SYSTEM32\ntdll.dll
0x00007ff918e90000 - 0x00007ff918f42000 	C:\WINDOWS\System32\KERNEL32.DLL
0x00007ff917d90000 - 0x00007ff918034000 	C:\WINDOWS\System32\KERNELBASE.dll
0x00007ff9198a0000 - 0x00007ff919943000 	C:\WINDOWS\System32\ADVAPI32.DLL
0x00007ff919600000 - 0x00007ff91969e000 	C:\WINDOWS\System32\msvcrt.dll
0x00007ff91ad00000 - 0x00007ff91ad97000 	C:\WINDOWS\System32\sechost.dll
0x00007ff919950000 - 0x00007ff919a70000 	C:\WINDOWS\System32\RPCRT4.dll
0x00007ff919440000 - 0x00007ff9195d5000 	C:\WINDOWS\System32\USER32.dll
0x00007ff9180e0000 - 0x00007ff918101000 	C:\WINDOWS\System32\win32u.dll
0x00007ff91a220000 - 0x00007ff91a246000 	C:\WINDOWS\System32\GDI32.dll
0x00007ff918cf0000 - 0x00007ff918e86000 	C:\WINDOWS\System32\gdi32full.dll
0x00007ff9189b0000 - 0x00007ff918a4e000 	C:\WINDOWS\System32\msvcp_win.dll
0x00007ff918a50000 - 0x00007ff918b4a000 	C:\WINDOWS\System32\ucrtbase.dll
0x00007ff904fb0000 - 0x00007ff905234000 	C:\WINDOWS\WinSxS\amd64_microsoft.windows.common-controls_6595b64144ccf1df_6.0.18362.1016_none_9e7a36bbe461dae4\COMCTL32.dll
0x00007ff91a8f0000 - 0x00007ff91ac25000 	C:\WINDOWS\System32\combase.dll
0x00007ff918040000 - 0x00007ff9180c0000 	C:\WINDOWS\System32\bcryptPrimitives.dll
0x00007ff919a80000 - 0x00007ff919aae000 	C:\WINDOWS\System32\IMM32.DLL
0x0000000066b40000 - 0x0000000066c12000 	C:\Program Files\Android\Android Studio\jre\jre\bin\msvcr100.dll
0x0000000068650000 - 0x0000000068e96000 	C:\Program Files\Android\Android Studio\jre\jre\bin\server\jvm.dll
0x00007ff919a70000 - 0x00007ff919a78000 	C:\WINDOWS\System32\PSAPI.DLL
0x00007ff90fbc0000 - 0x00007ff90fbe4000 	C:\WINDOWS\SYSTEM32\WINMM.dll
0x00007ff90d4b0000 - 0x00007ff90d4ba000 	C:\WINDOWS\SYSTEM32\VERSION.dll
0x00007ff8fb6d0000 - 0x00007ff8fb6d9000 	C:\WINDOWS\SYSTEM32\WSOCK32.dll
0x00007ff919ab0000 - 0x00007ff919b1f000 	C:\WINDOWS\System32\WS2_32.dll
0x00007ff90fb10000 - 0x00007ff90fb3d000 	C:\WINDOWS\SYSTEM32\WINMMBASE.dll
0x00007ff918ca0000 - 0x00007ff918cea000 	C:\WINDOWS\System32\cfgmgr32.dll
0x00007ff900f20000 - 0x00007ff900f2f000 	C:\Program Files\Android\Android Studio\jre\jre\bin\verify.dll
0x00007ff8f61b0000 - 0x00007ff8f61d9000 	C:\Program Files\Android\Android Studio\jre\jre\bin\java.dll
0x00007ff8f8f80000 - 0x00007ff8f8f96000 	C:\Program Files\Android\Android Studio\jre\jre\bin\zip.dll
0x00007ff919b20000 - 0x00007ff91a207000 	C:\WINDOWS\System32\SHELL32.dll
0x00007ff9196a0000 - 0x00007ff919749000 	C:\WINDOWS\System32\shcore.dll
0x00007ff918110000 - 0x00007ff918892000 	C:\WINDOWS\System32\windows.storage.dll
0x00007ff917d10000 - 0x00007ff917d33000 	C:\WINDOWS\System32\profapi.dll
0x00007ff917ca0000 - 0x00007ff917cea000 	C:\WINDOWS\System32\powrprof.dll
0x00007ff917c90000 - 0x00007ff917ca0000 	C:\WINDOWS\System32\UMPDC.dll
0x00007ff91a6c0000 - 0x00007ff91a712000 	C:\WINDOWS\System32\shlwapi.dll
0x00007ff917d40000 - 0x00007ff917d51000 	C:\WINDOWS\System32\kernel.appcore.dll
0x00007ff9180c0000 - 0x00007ff9180d7000 	C:\WINDOWS\System32\cryptsp.dll
0x00007ff8f4660000 - 0x00007ff8f467a000 	C:\Program Files\Android\Android Studio\jre\jre\bin\net.dll
0x00007ff902090000 - 0x00007ff902266000 	C:\WINDOWS\SYSTEM32\urlmon.dll
0x00007ff902710000 - 0x00007ff9029b6000 	C:\WINDOWS\SYSTEM32\iertutil.dll
0x00007ff9176c0000 - 0x00007ff9176cc000 	C:\WINDOWS\SYSTEM32\CRYPTBASE.DLL
0x00007ff9019b0000 - 0x00007ff9019d0000 	C:\WINDOWS\system32\PrxerDrv.dll
0x00007ff9174f0000 - 0x00007ff917557000 	C:\WINDOWS\system32\mswsock.dll
0x00007ff8f1a50000 - 0x00007ff8f1a63000 	C:\Program Files\Android\Android Studio\jre\jre\bin\nio.dll
0x00007ff8fbe20000 - 0x00007ff8fbe46000 	C:\Users\Administrator\.gradle\native\30\windows-amd64\native-platform.dll
0x00007ff8fbad0000 - 0x00007ff8fbadd000 	C:\Program Files\Android\Android Studio\jre\jre\bin\management.dll
0x00007ff917060000 - 0x00007ff917093000 	C:\WINDOWS\system32\rsaenh.dll
0x00007ff917d60000 - 0x00007ff917d86000 	C:\WINDOWS\System32\bcrypt.dll
0x00007ff917bb0000 - 0x00007ff917bd5000 	C:\WINDOWS\SYSTEM32\USERENV.dll
0x00007ff917200000 - 0x00007ff91723a000 	C:\WINDOWS\SYSTEM32\IPHLPAPI.DLL
0x00007ff91a210000 - 0x00007ff91a218000 	C:\WINDOWS\System32\NSI.dll
0x00007ff90c850000 - 0x00007ff90c866000 	C:\WINDOWS\SYSTEM32\dhcpcsvc6.DLL
0x00007ff90bb60000 - 0x00007ff90bb7c000 	C:\WINDOWS\SYSTEM32\dhcpcsvc.DLL
0x00007ff917240000 - 0x00007ff91730b000 	C:\WINDOWS\SYSTEM32\DNSAPI.dll
0x00007ff8f9480000 - 0x00007ff8f949b000 	C:\WINDOWS\System32\PrxerNsp.dll

VM Arguments:
jvm_args: -Xmx1536m -Dfile.encoding=GBK -Duser.country=CN -Duser.language=zh -Duser.variant 
java_command: org.gradle.launcher.daemon.bootstrap.GradleDaemon 5.6.4
java_class_path (initial): C:\Users\Administrator\.gradle\wrapper\dists\gradle-5.6.4-all\ankdp27end7byghfw1q2sw75f\gradle-5.6.4\lib\gradle-launcher-5.6.4.jar
Launcher Type: SUN_STANDARD

Environment Variables:
JAVA_HOME=C:\Program Files\Java\jdk1.8.0_212
CLASSPATH=.;C:\Program Files\Java\jdk1.8.0_212\lib\dt.jar;C:\Program Files\Java\jdk1.8.0_212\lib\tools.jar;
PATH=C:\Program Files (x86)\Common Files\Oracle\Java\javapath;C:\WINDOWS\system32;C:\WINDOWS;C:\WINDOWS\System32\Wbem;C:\WINDOWS\System32\WindowsPowerShell\v1.0\;C:\Program Files\Microsoft SQL Server\130\Tools\Binn\;%USERPROFILE%\.dnx\bin;C:\Program Files\Microsoft DNX\Dnvm\;C:\Program Files (x86)\Windows Kits\8.1\Windows Performance Toolkit\;C:\WINDOWS\System32\OpenSSH\;D:\Android\Sdk\platform-tools;E:\flutter\bin;C:\Program Files\Git\cmd;"C:\Program Files\Java\jdk1.8.0_212\bin;C:\Program Files\Java\jdk1.8.0_212\jre\bin;";F:\java_develop\apache-maven-3.6.3\bin;C:\Program Files\MySQL\MySQL Server 5.7\bin;C:\Users\Administrator\AppData\Local\Microsoft\WindowsApps;C:\Program Files\JetBrains\IntelliJ IDEA 2020.2\bin
USERNAME=Administrator
OS=Windows_NT
PROCESSOR_IDENTIFIER=Intel64 Family 6 Model 142 Stepping 12, GenuineIntel



---------------  S Y S T E M  ---------------

OS: Windows 10.0 , 64 bit Build 18362 (10.0.18362.959)

CPU:total 8 (initial active 8) (4 cores per cpu, 2 threads per core) family 6 model 142 stepping 12, cmov, cx8, fxsr, mmx, sse, sse2, sse3, ssse3, sse4.1, sse4.2, popcnt, avx, avx2, aes, clmul, erms, 3dnowpref, lzcnt, ht, tsc, tscinvbit, bmi1, bmi2, adx

Memory: 4k page, physical 16587220k(1344248k free), swap 29619768k(5696k free)

vm_info: OpenJDK 64-Bit Server VM (25.212-b04) for windows-amd64 JRE (1.8.0_212-release-1586-b04), built by "builder" with MS VC++ 10.0 (VS2010)

time: Fri Sep 18 18:17:38 2020
timezone: 中国标准时间
elapsed time: 6 seconds (0d 0h 0m 6s)

