#
# There is insufficient memory for the Java Runtime Environment to continue.
# Native memory allocation (malloc) failed to allocate 32744 bytes for ChunkPool::allocate
# Possible reasons:
#   The system is out of physical RAM or swap space
#   The process is running with CompressedOops enabled, and the Java Heap may be blocking the growth of the native heap
# Possible solutions:
#   Reduce memory load on the system
#   Increase physical memory or swap space
#   Check if swap backing store is full
#   Decrease Java heap size (-Xmx/-Xms)
#   Decrease number of Java threads
#   Decrease Java thread stack sizes (-Xss)
#   Set larger code cache with -XX:ReservedCodeCacheSize=
#   JVM is running with Unscaled Compressed Oops mode in which the Java heap is
#     placed in the first 4GB address space. The Java Heap base address is the
#     maximum limit for the native heap growth. Please use -XX:HeapBaseMinAddress
#     to set the Java Heap base and to place the Java Heap above 4GB virtual address.
# This output file may be truncated or incomplete.
#
#  Out of Memory Error (allocation.cpp:272), pid=39968, tid=0x0000000000000968
#
# JRE version: OpenJDK Runtime Environment (8.0_212-b04) (build 1.8.0_212-release-1586-b04)
# Java VM: OpenJDK 64-Bit Server VM (25.212-b04 mixed mode windows-amd64 compressed oops)
# Failed to write core dump. Minidumps are not enabled by default on client versions of Windows
#

---------------  T H R E A D  ---------------

Current thread (0x000000001668e800):  JavaThread "C1 CompilerThread3" daemon [_thread_in_native, id=2408, stack(0x0000000018fa0000,0x00000000190a0000)]

Stack: [0x0000000018fa0000,0x00000000190a0000]
[error occurred during error reporting (printing stack bounds), id 0xc0000005]

Native frames: (J=compiled Java code, j=interpreted, Vv=VM code, C=native code)


Current CompileTask:
C1:  11114 5886   !   3       org.gradle.internal.metaobject.BeanDynamicObject$MetaClassAdapter::getProperty (211 bytes)


---------------  P R O C E S S  ---------------

Java Threads: ( => current thread )
  0x000000001dd6d800 JavaThread "Cache worker for Build Output Cleanup Cache (E:\android_gun_manager\ManagerApplication\.gradle\buildOutputCleanup)" [_thread_blocked, id=41288, stack(0x0000000021fa0000,0x00000000220a0000)]
  0x000000001dd71800 JavaThread "Build operations Thread 8" [_thread_blocked, id=40500, stack(0x0000000022ee0000,0x0000000022fe0000)]
  0x000000001dd66000 JavaThread "Build operations Thread 7" [_thread_blocked, id=9324, stack(0x0000000022de0000,0x0000000022ee0000)]
  0x000000001dd69000 JavaThread "Build operations Thread 6" [_thread_blocked, id=2032, stack(0x0000000022ce0000,0x0000000022de0000)]
  0x000000001dd6c000 JavaThread "Build operations Thread 5" [_thread_blocked, id=988, stack(0x0000000022be0000,0x0000000022ce0000)]
  0x000000001dd6a000 JavaThread "Build operations Thread 4" [_thread_blocked, id=27280, stack(0x0000000022ae0000,0x0000000022be0000)]
  0x000000001dd68800 JavaThread "Build operations Thread 3" [_thread_blocked, id=41972, stack(0x00000000229e0000,0x0000000022ae0000)]
  0x000000001dd6d000 JavaThread "Build operations Thread 2" [_thread_blocked, id=33864, stack(0x00000000228e0000,0x00000000229e0000)]
  0x000000001dd67800 JavaThread "Build operations" [_thread_blocked, id=11168, stack(0x00000000227e0000,0x00000000228e0000)]
  0x000000001dd67000 JavaThread "Cache worker for execution history cache (C:\Users\Administrator\.gradle\caches\5.6.4\executionHistory)" [_thread_blocked, id=34236, stack(0x0000000022120000,0x0000000022220000)]
  0x000000001ae9f800 JavaThread "Cache worker for cache directory md-rule (C:\Users\Administrator\.gradle\caches\5.6.4\md-rule)" [_thread_blocked, id=8112, stack(0x0000000021ea0000,0x0000000021fa0000)]
  0x000000001aea0800 JavaThread "Cache worker for cache directory md-supplier (C:\Users\Administrator\.gradle\caches\5.6.4\md-supplier)" [_thread_blocked, id=36236, stack(0x000000001f3c0000,0x000000001f4c0000)]
  0x000000001ae9e000 JavaThread "Cache worker for file hash cache (E:\android_gun_manager\ManagerApplication\.gradle\5.6.4\fileHashes)" [_thread_blocked, id=12956, stack(0x000000001f5a0000,0x000000001f6a0000)]
  0x000000001aea1000 JavaThread "Cache worker for journal cache (C:\Users\Administrator\.gradle\caches\journal-1)" [_thread_blocked, id=41840, stack(0x000000001cf20000,0x000000001d020000)]
  0x000000001aea2000 JavaThread "File lock request listener" [_thread_in_native, id=23088, stack(0x000000001ce20000,0x000000001cf20000)]
  0x000000001b060000 JavaThread "Cache worker for file hash cache (C:\Users\Administrator\.gradle\caches\5.6.4\fileHashes)" [_thread_blocked, id=32304, stack(0x000000001cd20000,0x000000001ce20000)]
  0x000000001b00d800 JavaThread "Thread-9" [_thread_blocked, id=33240, stack(0x000000001ca20000,0x000000001cb20000)]
  0x000000001aff3800 JavaThread "Stdin handler" [_thread_blocked, id=37792, stack(0x000000001c920000,0x000000001ca20000)]
  0x000000001aff2800 JavaThread "Asynchronous log dispatcher for DefaultDaemonConnection: socket connection from /127.0.0.1:50225 to /127.0.0.1:50227" [_thread_blocked, id=27656, stack(0x000000001c720000,0x000000001c820000)]
  0x000000001afdf800 JavaThread "Daemon worker" [_thread_in_vm, id=33280, stack(0x000000001c620000,0x000000001c720000)]
  0x000000001afd9800 JavaThread "Cancel handler" [_thread_blocked, id=32288, stack(0x000000001c520000,0x000000001c620000)]
  0x000000001afbd800 JavaThread "Handler for socket connection from /127.0.0.1:50225 to /127.0.0.1:50227" [_thread_in_native, id=40484, stack(0x000000001c220000,0x000000001c320000)]
  0x000000001afbb000 JavaThread "Daemon" [_thread_blocked, id=28936, stack(0x000000001c120000,0x000000001c220000)]
  0x000000001af59000 JavaThread "Daemon periodic checks" [_thread_blocked, id=38232, stack(0x000000001c020000,0x000000001c120000)]
  0x000000001af3e000 JavaThread "Incoming local TCP Connector on port 50225" [_thread_in_native, id=25156, stack(0x000000001be70000,0x000000001bf70000)]
  0x000000001ae9d000 JavaThread "Daemon health stats" [_thread_blocked, id=6188, stack(0x000000001bb70000,0x000000001bc70000)]
  0x0000000018523800 JavaThread "Service Thread" daemon [_thread_blocked, id=23520, stack(0x00000000190a0000,0x00000000191a0000)]
=>0x000000001668e800 JavaThread "C1 CompilerThread3" daemon [_thread_in_native, id=2408, stack(0x0000000018fa0000,0x00000000190a0000)]
  0x00000000184e1800 JavaThread "C2 CompilerThread2" daemon [_thread_in_native, id=29784, stack(0x0000000018ea0000,0x0000000018fa0000)]
  0x00000000184d6000 JavaThread "C2 CompilerThread1" daemon [_thread_in_native, id=41264, stack(0x0000000018da0000,0x0000000018ea0000)]
  0x00000000184d2000 JavaThread "C2 CompilerThread0" daemon [_thread_in_native, id=30808, stack(0x0000000018ca0000,0x0000000018da0000)]
  0x000000001847f000 JavaThread "Attach Listener" daemon [_thread_blocked, id=34932, stack(0x0000000018ba0000,0x0000000018ca0000)]
  0x000000001847e000 JavaThread "Signal Dispatcher" daemon [_thread_blocked, id=28012, stack(0x0000000018aa0000,0x0000000018ba0000)]
  0x00000000028bd800 JavaThread "Finalizer" daemon [_thread_blocked, id=34104, stack(0x0000000018940000,0x0000000018a40000)]
  0x00000000028b7000 JavaThread "Reference Handler" daemon [_thread_blocked, id=39412, stack(0x0000000018840000,0x0000000018940000)]
  0x00000000027be800 JavaThread "main" [_thread_blocked, id=41876, stack(0x0000000002670000,0x0000000002770000)]

Other Threads:
  0x0000000016676000 VMThread [stack: 0x0000000018340000,0x0000000018440000] [id=25880]
  0x0000000018524800 WatcherThread [stack: 0x00000000191a0000,0x00000000192a0000] [id=33124]

VM state:not at safepoint (normal execution)

VM Mutex/Monitor currently owned by a thread: None

heap address: 0x00000000a0000000, size: 1536 MB, Compressed Oops mode: 32-bit
Narrow klass base: 0x0000000000000000, Narrow klass shift: 3
Compressed class space size: 1073741824 Address: 0x0000000100000000

Heap:
 PSYoungGen      total 221696K, used 21879K [0x00000000e0000000, 0x00000000ee880000, 0x0000000100000000)
  eden space 209408K, 10% used [0x00000000e0000000,0x00000000e155dc18,0x00000000ecc80000)
  from space 12288K, 0% used [0x00000000edc80000,0x00000000edc80000,0x00000000ee880000)
  to   space 14336K, 0% used [0x00000000ecc80000,0x00000000ecc80000,0x00000000eda80000)
 ParOldGen       total 232448K, used 35162K [0x00000000a0000000, 0x00000000ae300000, 0x00000000e0000000)
  object space 232448K, 15% used [0x00000000a0000000,0x00000000a2256828,0x00000000ae300000)
 Metaspace       used 58518K, capacity 60390K, committed 60632K, reserved 1101824K
  class space    used 7896K, capacity 8347K, committed 8448K, reserved 1048576K

Card table byte_map: [0x0000000011c80000,0x0000000011f90000] byte_map_base: 0x0000000011780000

Marking Bits: (ParMarkBitMap*) 0x0000000068e19f30
 Begin Bits: [0x0000000012990000, 0x0000000014190000)
 End Bits:   [0x0000000014190000, 0x0000000015990000)

Polling page: 0x0000000000680000

CodeCache: size=245760Kb used=17246Kb max_used=17635Kb free=228513Kb
 bounds [0x00000000028c0000, 0x0000000003a10000, 0x00000000118c0000]
 total_blobs=6054 nmethods=5248 adapters=716
 compilation: enabled

Compilation events (10 events):
Event: 11.108 Thread 0x000000001668e800 nmethod 5881 0x0000000002c1bd90 code [0x0000000002c1bf60, 0x0000000002c1c8c8]
Event: 11.109 Thread 0x000000001668e800 5884       3       groovy.lang.MetaClassImpl::getMetaProperty (45 bytes)
Event: 11.109 Thread 0x000000001668e800 nmethod 5884 0x0000000002b31a90 code [0x0000000002b31c20, 0x0000000002b32238]
Event: 11.109 Thread 0x000000001668e800 5883       3       org.gradle.internal.metaobject.AbstractDynamicObject::<init> (5 bytes)
Event: 11.109 Thread 0x000000001668e800 nmethod 5883 0x000000000342bf90 code [0x000000000342c0e0, 0x000000000342c290]
Event: 11.109 Thread 0x000000001668e800 5882       3       org.codehaus.groovy.reflection.ClassInfo::isValidWeakMetaClass (13 bytes)
Event: 11.110 Thread 0x000000001668e800 nmethod 5882 0x0000000002b31310 code [0x0000000002b314a0, 0x0000000002b31970]
Event: 11.110 Thread 0x000000001668e800 5885       3       org.gradle.internal.metaobject.BeanDynamicObject::tryGetProperty (9 bytes)
Event: 11.110 Thread 0x000000001668e800 nmethod 5885 0x000000000342bb10 code [0x000000000342bc80, 0x000000000342be88]
Event: 11.111 Thread 0x000000001668e800 5886   !   3       org.gradle.internal.metaobject.BeanDynamicObject$MetaClassAdapter::getProperty (211 bytes)

GC Heap History (10 events):
Event: 6.053 GC heap before
{Heap before GC invocations=7 (full 1):
 PSYoungGen      total 140800K, used 77922K [0x00000000e0000000, 0x00000000eeb00000, 0x0000000100000000)
  eden space 130048K, 51% used [0x00000000e0000000,0x00000000e419e720,0x00000000e7f00000)
  from space 10752K, 99% used [0x00000000e7f00000,0x00000000e897a2c0,0x00000000e8980000)
  to   space 14848K, 0% used [0x00000000edc80000,0x00000000edc80000,0x00000000eeb00000)
 ParOldGen       total 97280K, used 9852K [0x00000000a0000000, 0x00000000a5f00000, 0x00000000e0000000)
  object space 97280K, 10% used [0x00000000a0000000,0x00000000a099f130,0x00000000a5f00000)
 Metaspace       used 34557K, capacity 35410K, committed 35456K, reserved 1079296K
  class space    used 4737K, capacity 4992K, committed 4992K, reserved 1048576K
Event: 6.061 GC heap after
Heap after GC invocations=7 (full 1):
 PSYoungGen      total 221696K, used 9903K [0x00000000e0000000, 0x00000000ee880000, 0x0000000100000000)
  eden space 209408K, 0% used [0x00000000e0000000,0x00000000e0000000,0x00000000ecc80000)
  from space 12288K, 80% used [0x00000000edc80000,0x00000000ee62bf80,0x00000000ee880000)
  to   space 14336K, 0% used [0x00000000ecc80000,0x00000000ecc80000,0x00000000eda80000)
 ParOldGen       total 97280K, used 9860K [0x00000000a0000000, 0x00000000a5f00000, 0x00000000e0000000)
  object space 97280K, 10% used [0x00000000a0000000,0x00000000a09a1130,0x00000000a5f00000)
 Metaspace       used 34557K, capacity 35410K, committed 35456K, reserved 1079296K
  class space    used 4737K, capacity 4992K, committed 4992K, reserved 1048576K
}
Event: 6.061 GC heap before
{Heap before GC invocations=8 (full 2):
 PSYoungGen      total 221696K, used 9903K [0x00000000e0000000, 0x00000000ee880000, 0x0000000100000000)
  eden space 209408K, 0% used [0x00000000e0000000,0x00000000e0000000,0x00000000ecc80000)
  from space 12288K, 80% used [0x00000000edc80000,0x00000000ee62bf80,0x00000000ee880000)
  to   space 14336K, 0% used [0x00000000ecc80000,0x00000000ecc80000,0x00000000eda80000)
 ParOldGen       total 97280K, used 9860K [0x00000000a0000000, 0x00000000a5f00000, 0x00000000e0000000)
  object space 97280K, 10% used [0x00000000a0000000,0x00000000a09a1130,0x00000000a5f00000)
 Metaspace       used 34557K, capacity 35410K, committed 35456K, reserved 1079296K
  class space    used 4737K, capacity 4992K, committed 4992K, reserved 1048576K
Event: 6.114 GC heap after
Heap after GC invocations=8 (full 2):
 PSYoungGen      total 221696K, used 0K [0x00000000e0000000, 0x00000000ee880000, 0x0000000100000000)
  eden space 209408K, 0% used [0x00000000e0000000,0x00000000e0000000,0x00000000ecc80000)
  from space 12288K, 0% used [0x00000000edc80000,0x00000000edc80000,0x00000000ee880000)
  to   space 14336K, 0% used [0x00000000ecc80000,0x00000000ecc80000,0x00000000eda80000)
 ParOldGen       total 151552K, used 16824K [0x00000000a0000000, 0x00000000a9400000, 0x00000000e0000000)
  object space 151552K, 11% used [0x00000000a0000000,0x00000000a106e2b8,0x00000000a9400000)
 Metaspace       used 34557K, capacity 35410K, committed 35456K, reserved 1079296K
  class space    used 4737K, capacity 4992K, committed 4992K, reserved 1048576K
}
Event: 9.169 GC heap before
{Heap before GC invocations=9 (full 2):
 PSYoungGen      total 221696K, used 209408K [0x00000000e0000000, 0x00000000ee880000, 0x0000000100000000)
  eden space 209408K, 100% used [0x00000000e0000000,0x00000000ecc80000,0x00000000ecc80000)
  from space 12288K, 0% used [0x00000000edc80000,0x00000000edc80000,0x00000000ee880000)
  to   space 14336K, 0% used [0x00000000ecc80000,0x00000000ecc80000,0x00000000eda80000)
 ParOldGen       total 151552K, used 16824K [0x00000000a0000000, 0x00000000a9400000, 0x00000000e0000000)
  object space 151552K, 11% used [0x00000000a0000000,0x00000000a106e2b8,0x00000000a9400000)
 Metaspace       used 50549K, capacity 52060K, committed 52352K, reserved 1093632K
  class space    used 6800K, capacity 7176K, committed 7296K, reserved 1048576K
Event: 9.187 GC heap after
Heap after GC invocations=9 (full 2):
 PSYoungGen      total 223744K, used 14322K [0x00000000e0000000, 0x00000000ee880000, 0x0000000100000000)
  eden space 209408K, 0% used [0x00000000e0000000,0x00000000e0000000,0x00000000ecc80000)
  from space 14336K, 99% used [0x00000000ecc80000,0x00000000eda7c830,0x00000000eda80000)
  to   space 12288K, 0% used [0x00000000edc80000,0x00000000edc80000,0x00000000ee880000)
 ParOldGen       total 151552K, used 26113K [0x00000000a0000000, 0x00000000a9400000, 0x00000000e0000000)
  object space 151552K, 17% used [0x00000000a0000000,0x00000000a1980438,0x00000000a9400000)
 Metaspace       used 50549K, capacity 52060K, committed 52352K, reserved 1093632K
  class space    used 6800K, capacity 7176K, committed 7296K, reserved 1048576K
}
Event: 10.505 GC heap before
{Heap before GC invocations=10 (full 2):
 PSYoungGen      total 223744K, used 117737K [0x00000000e0000000, 0x00000000ee880000, 0x0000000100000000)
  eden space 209408K, 49% used [0x00000000e0000000,0x00000000e64fdeb8,0x00000000ecc80000)
  from space 14336K, 99% used [0x00000000ecc80000,0x00000000eda7c830,0x00000000eda80000)
  to   space 12288K, 0% used [0x00000000edc80000,0x00000000edc80000,0x00000000ee880000)
 ParOldGen       total 151552K, used 26113K [0x00000000a0000000, 0x00000000a9400000, 0x00000000e0000000)
  object space 151552K, 17% used [0x00000000a0000000,0x00000000a1980438,0x00000000a9400000)
 Metaspace       used 57253K, capacity 59000K, committed 59096K, reserved 1099776K
  class space    used 7680K, capacity 8148K, committed 8192K, reserved 1048576K
Event: 10.521 GC heap after
Heap after GC invocations=10 (full 2):
 PSYoungGen      total 221696K, used 12277K [0x00000000e0000000, 0x00000000ee880000, 0x0000000100000000)
  eden space 209408K, 0% used [0x00000000e0000000,0x00000000e0000000,0x00000000ecc80000)
  from space 12288K, 99% used [0x00000000edc80000,0x00000000ee87d7b0,0x00000000ee880000)
  to   space 14336K, 0% used [0x00000000ecc80000,0x00000000ecc80000,0x00000000eda80000)
 ParOldGen       total 151552K, used 35417K [0x00000000a0000000, 0x00000000a9400000, 0x00000000e0000000)
  object space 151552K, 23% used [0x00000000a0000000,0x00000000a2296420,0x00000000a9400000)
 Metaspace       used 57253K, capacity 59000K, committed 59096K, reserved 1099776K
  class space    used 7680K, capacity 8148K, committed 8192K, reserved 1048576K
}
Event: 10.521 GC heap before
{Heap before GC invocations=11 (full 3):
 PSYoungGen      total 221696K, used 12277K [0x00000000e0000000, 0x00000000ee880000, 0x0000000100000000)
  eden space 209408K, 0% used [0x00000000e0000000,0x00000000e0000000,0x00000000ecc80000)
  from space 12288K, 99% used [0x00000000edc80000,0x00000000ee87d7b0,0x00000000ee880000)
  to   space 14336K, 0% used [0x00000000ecc80000,0x00000000ecc80000,0x00000000eda80000)
 ParOldGen       total 151552K, used 35417K [0x00000000a0000000, 0x00000000a9400000, 0x00000000e0000000)
  object space 151552K, 23% used [0x00000000a0000000,0x00000000a2296420,0x00000000a9400000)
 Metaspace       used 57253K, capacity 59000K, committed 59096K, reserved 1099776K
  class space    used 7680K, capacity 8148K, committed 8192K, reserved 1048576K
Event: 10.759 GC heap after
Heap after GC invocations=11 (full 3):
 PSYoungGen      total 221696K, used 0K [0x00000000e0000000, 0x00000000ee880000, 0x0000000100000000)
  eden space 209408K, 0% used [0x00000000e0000000,0x00000000e0000000,0x00000000ecc80000)
  from space 12288K, 0% used [0x00000000edc80000,0x00000000edc80000,0x00000000ee880000)
  to   space 14336K, 0% used [0x00000000ecc80000,0x00000000ecc80000,0x00000000eda80000)
 ParOldGen       total 232448K, used 35162K [0x00000000a0000000, 0x00000000ae300000, 0x00000000e0000000)
  object space 232448K, 15% used [0x00000000a0000000,0x00000000a2256828,0x00000000ae300000)
 Metaspace       used 57228K, capacity 58916K, committed 59096K, reserved 1099776K
  class space    used 7673K, capacity 8134K, committed 8192K, reserved 1048576K
}

Deoptimization events (10 events):
Event: 9.334 Thread 0x000000001afdf800 Uncommon trap: reason=unstable_if action=reinterpret pc=0x0000000002cbbab0 method=com.sun.org.apache.xerces.internal.impl.XMLEntityScanner.peekChar()I @ 14
Event: 10.221 Thread 0x000000001afdf800 Uncommon trap: reason=unstable_if action=reinterpret pc=0x0000000003134764 method=java.lang.String.lastIndexOf([CII[CIII)I @ 17
Event: 10.834 Thread 0x000000001afdf800 Uncommon trap: reason=unstable_if action=reinterpret pc=0x0000000002e667ec method=java.io.WinNTFileSystem.isLetter(C)Z @ 3
Event: 10.836 Thread 0x000000001afdf800 Uncommon trap: reason=unstable_if action=reinterpret pc=0x00000000037f2120 method=java.util.regex.Pattern$LastNode.match(Ljava/util/regex/Matcher;ILjava/lang/CharSequence;)Z @ 13
Event: 10.836 Thread 0x000000001afdf800 Uncommon trap: reason=unstable_if action=reinterpret pc=0x00000000037ed8e8 method=java.util.regex.Pattern$GroupTail.match(Ljava/util/regex/Matcher;ILjava/lang/CharSequence;)Z @ 73
Event: 10.836 Thread 0x000000001afdf800 Uncommon trap: reason=unstable_if action=reinterpret pc=0x00000000037ed8e8 method=java.util.regex.Pattern$GroupTail.match(Ljava/util/regex/Matcher;ILjava/lang/CharSequence;)Z @ 73
Event: 11.080 Thread 0x000000001afdf800 Uncommon trap: reason=unstable_if action=reinterpret pc=0x0000000003705840 method=groovy.lang.MetaClassImpl.checkIfStdMethod(Lgroovy/lang/MetaMethod;)V @ 55
Event: 11.080 Thread 0x000000001afdf800 Uncommon trap: reason=unstable_if action=reinterpret pc=0x0000000002fa6e60 method=groovy.lang.MetaClassImpl.checkIfStdMethod(Lgroovy/lang/MetaMethod;)V @ 55
Event: 11.097 Thread 0x000000001afdf800 Uncommon trap: reason=unstable_if action=reinterpret pc=0x0000000003a06340 method=java.lang.ClassLoader.checkCerts(Ljava/lang/String;Ljava/security/CodeSource;)V @ 29
Event: 11.097 Thread 0x000000001afdf800 Uncommon trap: reason=unstable_if action=reinterpret pc=0x0000000002e7cf80 method=java.lang.ClassLoader.defineClassSourceLocation(Ljava/security/ProtectionDomain;)Ljava/lang/String; @ 8

Classes redefined (0 events):
No events

Internal exceptions (10 events):
Event: 11.093 Thread 0x000000001afdf800 Exception <a 'java/lang/ClassNotFoundException': java/util/AbstractMapBeanInfo> (0x00000000e145bfa0) thrown at [D:\src\AOSP-openjdk-cygwin\jdk8u\hotspot\src\share\vm\classfile\systemDictionary.cpp, line 210]
Event: 11.093 Thread 0x000000001afdf800 Exception <a 'java/lang/ClassNotFoundException': java/util/AbstractMapCustomizer> (0x00000000e1466050) thrown at [D:\src\AOSP-openjdk-cygwin\jdk8u\hotspot\src\share\vm\classfile\systemDictionary.cpp, line 210]
Event: 11.094 Thread 0x000000001afdf800 Exception <a 'java/lang/ClassNotFoundException': java/util/HashMapCustomizer> (0x00000000e147c268) thrown at [D:\src\AOSP-openjdk-cygwin\jdk8u\hotspot\src\share\vm\classfile\systemDictionary.cpp, line 210]
Event: 11.095 Thread 0x000000001afdf800 Exception <a 'java/lang/ClassNotFoundException': java/util/LinkedHashMapCustomizer> (0x00000000e14a6070) thrown at [D:\src\AOSP-openjdk-cygwin\jdk8u\hotspot\src\share\vm\classfile\systemDictionary.cpp, line 210]
Event: 11.097 Thread 0x000000001afdf800 Implicit null exception at 0x0000000003a056fd to 0x0000000003a06329
Event: 11.097 Thread 0x000000001afdf800 Implicit null exception at 0x0000000002e7c8dd to 0x0000000002e7cf55
Event: 11.103 Thread 0x000000001afdf800 Exception <a 'java/lang/ClassNotFoundException': java/util/LinkedHashMap$EntryBeanInfo> (0x00000000e14fdff0) thrown at [D:\src\AOSP-openjdk-cygwin\jdk8u\hotspot\src\share\vm\classfile\systemDictionary.cpp, line 210]
Event: 11.103 Thread 0x000000001afdf800 Exception <a 'java/lang/ClassNotFoundException': java/util/HashMap$NodeBeanInfo> (0x00000000e1507e50) thrown at [D:\src\AOSP-openjdk-cygwin\jdk8u\hotspot\src\share\vm\classfile\systemDictionary.cpp, line 210]
Event: 11.104 Thread 0x000000001afdf800 Exception <a 'java/lang/ClassNotFoundException': java/util/HashMap$NodeCustomizer> (0x00000000e15121d0) thrown at [D:\src\AOSP-openjdk-cygwin\jdk8u\hotspot\src\share\vm\classfile\systemDictionary.cpp, line 210]
Event: 11.105 Thread 0x000000001afdf800 Exception <a 'java/lang/ClassNotFoundException': java/util/LinkedHashMap$EntryCustomizer> (0x00000000e15267f8) thrown at [D:\src\AOSP-openjdk-cygwin\jdk8u\hotspot\src\share\vm\classfile\systemDictionary.cpp, line 210]

Events (10 events):
Event: 11.104 loading class java/util/LinkedHashMap$EntryCustomizer
Event: 11.104 loading class java/util/LinkedHashMap$EntryCustomizer done
Event: 11.104 loading class java/util/LinkedHashMap$EntryCustomizer
Event: 11.104 loading class java/util/LinkedHashMap$EntryCustomizer done
Event: 11.105 loading class org/codehaus/groovy/runtime/callsite/GetEffectivePojoPropertySite
Event: 11.105 loading class org/codehaus/groovy/runtime/callsite/GetEffectivePojoPropertySite done
Event: 11.106 loading class groovy/lang/ProxyMetaClass
Event: 11.106 loading class groovy/lang/ProxyMetaClass done
Event: 11.107 loading class com/android/builder/internal/ClassFieldImpl
Event: 11.107 loading class com/android/builder/internal/ClassFieldImpl done


Dynamic libraries:
0x00007ff6efdb0000 - 0x00007ff6efde1000 	C:\Program Files\Android\Android Studio\jre\bin\java.exe
0x00007ff91ade0000 - 0x00007ff91afd0000 	C:\WINDOWS\SYSTEM32\ntdll.dll
0x00007ff918e90000 - 0x00007ff918f42000 	C:\WINDOWS\System32\KERNEL32.DLL
0x00007ff917d90000 - 0x00007ff918034000 	C:\WINDOWS\System32\KERNELBASE.dll
0x00007ff9198a0000 - 0x00007ff919943000 	C:\WINDOWS\System32\ADVAPI32.DLL
0x00007ff919600000 - 0x00007ff91969e000 	C:\WINDOWS\System32\msvcrt.dll
0x00007ff91ad00000 - 0x00007ff91ad97000 	C:\WINDOWS\System32\sechost.dll
0x00007ff919950000 - 0x00007ff919a70000 	C:\WINDOWS\System32\RPCRT4.dll
0x00007ff919440000 - 0x00007ff9195d5000 	C:\WINDOWS\System32\USER32.dll
0x00007ff9180e0000 - 0x00007ff918101000 	C:\WINDOWS\System32\win32u.dll
0x00007ff91a220000 - 0x00007ff91a246000 	C:\WINDOWS\System32\GDI32.dll
0x00007ff918cf0000 - 0x00007ff918e86000 	C:\WINDOWS\System32\gdi32full.dll
0x00007ff9189b0000 - 0x00007ff918a4e000 	C:\WINDOWS\System32\msvcp_win.dll
0x00007ff918a50000 - 0x00007ff918b4a000 	C:\WINDOWS\System32\ucrtbase.dll
0x00007ff904fb0000 - 0x00007ff905234000 	C:\WINDOWS\WinSxS\amd64_microsoft.windows.common-controls_6595b64144ccf1df_6.0.18362.1016_none_9e7a36bbe461dae4\COMCTL32.dll
0x00007ff91a8f0000 - 0x00007ff91ac25000 	C:\WINDOWS\System32\combase.dll
0x00007ff918040000 - 0x00007ff9180c0000 	C:\WINDOWS\System32\bcryptPrimitives.dll
0x00007ff919a80000 - 0x00007ff919aae000 	C:\WINDOWS\System32\IMM32.DLL
0x0000000066b40000 - 0x0000000066c12000 	C:\Program Files\Android\Android Studio\jre\jre\bin\msvcr100.dll
0x0000000068650000 - 0x0000000068e96000 	C:\Program Files\Android\Android Studio\jre\jre\bin\server\jvm.dll
0x00007ff919a70000 - 0x00007ff919a78000 	C:\WINDOWS\System32\PSAPI.DLL
0x00007ff8fb6d0000 - 0x00007ff8fb6d9000 	C:\WINDOWS\SYSTEM32\WSOCK32.dll
0x00007ff919ab0000 - 0x00007ff919b1f000 	C:\WINDOWS\System32\WS2_32.dll
0x00007ff90fbc0000 - 0x00007ff90fbe4000 	C:\WINDOWS\SYSTEM32\WINMM.dll
0x00007ff90d4b0000 - 0x00007ff90d4ba000 	C:\WINDOWS\SYSTEM32\VERSION.dll
0x00007ff90fb10000 - 0x00007ff90fb3d000 	C:\WINDOWS\SYSTEM32\winmmbase.dll
0x00007ff918ca0000 - 0x00007ff918cea000 	C:\WINDOWS\System32\cfgmgr32.dll
0x00007ff900f20000 - 0x00007ff900f2f000 	C:\Program Files\Android\Android Studio\jre\jre\bin\verify.dll
0x00007ff8f61b0000 - 0x00007ff8f61d9000 	C:\Program Files\Android\Android Studio\jre\jre\bin\java.dll
0x00007ff8f8f80000 - 0x00007ff8f8f96000 	C:\Program Files\Android\Android Studio\jre\jre\bin\zip.dll
0x00007ff919b20000 - 0x00007ff91a207000 	C:\WINDOWS\System32\SHELL32.dll
0x00007ff9196a0000 - 0x00007ff919749000 	C:\WINDOWS\System32\shcore.dll
0x00007ff918110000 - 0x00007ff918892000 	C:\WINDOWS\System32\windows.storage.dll
0x00007ff917d10000 - 0x00007ff917d33000 	C:\WINDOWS\System32\profapi.dll
0x00007ff917ca0000 - 0x00007ff917cea000 	C:\WINDOWS\System32\powrprof.dll
0x00007ff917c90000 - 0x00007ff917ca0000 	C:\WINDOWS\System32\UMPDC.dll
0x00007ff91a6c0000 - 0x00007ff91a712000 	C:\WINDOWS\System32\shlwapi.dll
0x00007ff917d40000 - 0x00007ff917d51000 	C:\WINDOWS\System32\kernel.appcore.dll
0x00007ff9180c0000 - 0x00007ff9180d7000 	C:\WINDOWS\System32\cryptsp.dll
0x00007ff8f4660000 - 0x00007ff8f467a000 	C:\Program Files\Android\Android Studio\jre\jre\bin\net.dll
0x00007ff902090000 - 0x00007ff902266000 	C:\WINDOWS\SYSTEM32\urlmon.dll
0x00007ff902710000 - 0x00007ff9029b6000 	C:\WINDOWS\SYSTEM32\iertutil.dll
0x00007ff9176c0000 - 0x00007ff9176cc000 	C:\WINDOWS\SYSTEM32\CRYPTBASE.DLL
0x00007ff9019b0000 - 0x00007ff9019d0000 	C:\WINDOWS\system32\PrxerDrv.dll
0x00007ff9174f0000 - 0x00007ff917557000 	C:\WINDOWS\system32\mswsock.dll
0x00007ff8f1a50000 - 0x00007ff8f1a63000 	C:\Program Files\Android\Android Studio\jre\jre\bin\nio.dll
0x00007ff8fbe20000 - 0x00007ff8fbe46000 	C:\Users\Administrator\.gradle\native\30\windows-amd64\native-platform.dll
0x00007ff8fbad0000 - 0x00007ff8fbadd000 	C:\Program Files\Android\Android Studio\jre\jre\bin\management.dll
0x00007ff917060000 - 0x00007ff917093000 	C:\WINDOWS\system32\rsaenh.dll
0x00007ff917d60000 - 0x00007ff917d86000 	C:\WINDOWS\System32\bcrypt.dll
0x00007ff917bb0000 - 0x00007ff917bd5000 	C:\WINDOWS\SYSTEM32\USERENV.dll
0x00007ff917200000 - 0x00007ff91723a000 	C:\WINDOWS\SYSTEM32\IPHLPAPI.DLL
0x00007ff91a210000 - 0x00007ff91a218000 	C:\WINDOWS\System32\NSI.dll
0x00007ff90c850000 - 0x00007ff90c866000 	C:\WINDOWS\SYSTEM32\dhcpcsvc6.DLL
0x00007ff90bb60000 - 0x00007ff90bb7c000 	C:\WINDOWS\SYSTEM32\dhcpcsvc.DLL
0x00007ff917240000 - 0x00007ff91730b000 	C:\WINDOWS\SYSTEM32\DNSAPI.dll
0x00007ff8f9480000 - 0x00007ff8f949b000 	C:\WINDOWS\System32\PrxerNsp.dll

VM Arguments:
jvm_args: -Xmx1536m -Dfile.encoding=GBK -Duser.country=CN -Duser.language=zh -Duser.variant 
java_command: org.gradle.launcher.daemon.bootstrap.GradleDaemon 5.6.4
java_class_path (initial): C:\Users\Administrator\.gradle\wrapper\dists\gradle-5.6.4-all\ankdp27end7byghfw1q2sw75f\gradle-5.6.4\lib\gradle-launcher-5.6.4.jar
Launcher Type: SUN_STANDARD

Environment Variables:
JAVA_HOME=C:\Program Files\Java\jdk1.8.0_212
CLASSPATH=.;C:\Program Files\Java\jdk1.8.0_212\lib\dt.jar;C:\Program Files\Java\jdk1.8.0_212\lib\tools.jar;
PATH=C:\Program Files (x86)\Common Files\Oracle\Java\javapath;C:\WINDOWS\system32;C:\WINDOWS;C:\WINDOWS\System32\Wbem;C:\WINDOWS\System32\WindowsPowerShell\v1.0\;C:\Program Files\Microsoft SQL Server\130\Tools\Binn\;%USERPROFILE%\.dnx\bin;C:\Program Files\Microsoft DNX\Dnvm\;C:\Program Files (x86)\Windows Kits\8.1\Windows Performance Toolkit\;C:\WINDOWS\System32\OpenSSH\;D:\Android\Sdk\platform-tools;E:\flutter\bin;C:\Program Files\Git\cmd;"C:\Program Files\Java\jdk1.8.0_212\bin;C:\Program Files\Java\jdk1.8.0_212\jre\bin;";F:\java_develop\apache-maven-3.6.3\bin;C:\Program Files\MySQL\MySQL Server 5.7\bin;C:\Users\Administrator\AppData\Local\Microsoft\WindowsApps;C:\Program Files\JetBrains\IntelliJ IDEA 2020.2\bin
USERNAME=Administrator
OS=Windows_NT
PROCESSOR_IDENTIFIER=Intel64 Family 6 Model 142 Stepping 12, GenuineIntel



---------------  S Y S T E M  ---------------

OS: Windows 10.0 , 64 bit Build 18362 (10.0.18362.959)

CPU:total 8 (initial active 8) (4 cores per cpu, 2 threads per core) family 6 model 142 stepping 12, cmov, cx8, fxsr, mmx, sse, sse2, sse3, ssse3, sse4.1, sse4.2, popcnt, avx, avx2, aes, clmul, erms, 3dnowpref, lzcnt, ht, tsc, tscinvbit, bmi1, bmi2, adx

Memory: 4k page, physical 16587220k(1304112k free), swap 29619768k(5120k free)

vm_info: OpenJDK 64-Bit Server VM (25.212-b04) for windows-amd64 JRE (1.8.0_212-release-1586-b04), built by "builder" with MS VC++ 10.0 (VS2010)

time: Fri Sep 18 18:22:24 2020
timezone: 中国标准时间
elapsed time: 11 seconds (0d 0h 0m 11s)

